TN:
SF:server.js
FN:54,(anonymous_0)
FN:126,(anonymous_1)
FN:140,startServer
FN:151,(anonymous_3)
FN:171,shutdown
FN:174,(anonymous_5)
FN:190,(anonymous_6)
FNF:7
FNH:0
FNDA:0,(anonymous_0)
FNDA:0,(anonymous_1)
FNDA:0,startServer
FNDA:0,(anonymous_3)
FNDA:0,shutdown
FNDA:0,(anonymous_5)
FNDA:0,(anonymous_6)
DA:2,0
DA:3,0
DA:4,0
DA:7,0
DA:10,0
DA:11,0
DA:14,0
DA:15,0
DA:18,0
DA:19,0
DA:20,0
DA:21,0
DA:22,0
DA:23,0
DA:24,0
DA:27,0
DA:28,0
DA:31,0
DA:34,0
DA:35,0
DA:36,0
DA:39,0
DA:40,0
DA:44,0
DA:45,0
DA:49,0
DA:54,0
DA:55,0
DA:65,0
DA:66,0
DA:67,0
DA:70,0
DA:71,0
DA:74,0
DA:75,0
DA:76,0
DA:79,0
DA:80,0
DA:83,0
DA:84,0
DA:85,0
DA:86,0
DA:87,0
DA:88,0
DA:89,0
DA:90,0
DA:93,0
DA:94,0
DA:95,0
DA:96,0
DA:97,0
DA:98,0
DA:101,0
DA:102,0
DA:103,0
DA:104,0
DA:105,0
DA:106,0
DA:109,0
DA:110,0
DA:111,0
DA:112,0
DA:113,0
DA:114,0
DA:117,0
DA:118,0
DA:119,0
DA:120,0
DA:121,0
DA:122,0
DA:123,0
DA:126,0
DA:127,0
DA:128,0
DA:130,0
DA:135,0
DA:141,0
DA:142,0
DA:145,0
DA:148,0
DA:151,0
DA:152,0
DA:153,0
DA:154,0
DA:155,0
DA:159,0
DA:160,0
DA:163,0
DA:164,0
DA:172,0
DA:174,0
DA:175,0
DA:178,0
DA:179,0
DA:182,0
DA:183,0
DA:185,0
DA:186,0
DA:190,0
DA:191,0
DA:192,0
DA:197,0
DA:198,0
DA:201,0
LF:104
LH:0
BRDA:39,0,0,0
BRDA:39,0,1,0
BRDA:44,1,0,0
BRDA:44,1,1,0
BRDA:127,2,0,0
BRDA:127,2,1,0
BRDA:155,3,0,0
BRDA:155,3,1,0
BRDA:197,4,0,0
BRDA:197,4,1,0
BRF:10
BRH:0
end_of_record
TN:
SF:src/config/index.js
FN:51,(anonymous_0)
FN:52,(anonymous_1)
FN:53,(anonymous_2)
FNF:3
FNH:0
FNDA:0,(anonymous_0)
FNDA:0,(anonymous_1)
FNDA:0,(anonymous_2)
DA:2,0
DA:5,0
DA:6,0
DA:9,0
DA:10,0
DA:11,0
DA:14,0
DA:15,0
DA:18,0
DA:23,0
DA:24,0
DA:27,0
DA:28,0
DA:32,0
DA:33,0
DA:35,0
DA:38,0
DA:51,0
DA:52,0
DA:53,0
LF:20
LH:0
BRDA:5,0,0,0
BRDA:5,0,1,0
BRDA:6,1,0,0
BRDA:6,1,1,0
BRDA:9,2,0,0
BRDA:9,2,1,0
BRDA:10,3,0,0
BRDA:10,3,1,0
BRDA:18,4,0,0
BRDA:18,4,1,0
BRDA:18,4,2,0
BRDA:24,5,0,0
BRDA:24,5,1,0
BRDA:27,6,0,0
BRDA:27,6,1,0
BRDA:27,7,0,0
BRDA:27,7,1,0
BRDA:32,8,0,0
BRDA:32,8,1,0
BRF:19
BRH:0
end_of_record
TN:
SF:src/controllers/albums.js
FN:9,(anonymous_0)
FN:121,(anonymous_1)
FN:169,(anonymous_2)
FN:237,(anonymous_3)
FN:269,(anonymous_4)
FN:300,(anonymous_5)
FN:319,(anonymous_6)
FNF:7
FNH:0
FNDA:0,(anonymous_0)
FNDA:0,(anonymous_1)
FNDA:0,(anonymous_2)
FNDA:0,(anonymous_3)
FNDA:0,(anonymous_4)
FNDA:0,(anonymous_5)
FNDA:0,(anonymous_6)
DA:2,0
DA:3,0
DA:10,0
DA:21,0
DA:24,0
DA:25,0
DA:28,0
DA:29,0
DA:31,0
DA:32,0
DA:33,0
DA:36,0
DA:37,0
DA:38,0
DA:41,0
DA:42,0
DA:43,0
DA:46,0
DA:47,0
DA:48,0
DA:51,0
DA:52,0
DA:55,0
DA:58,0
DA:62,0
DA:66,0
DA:67,0
DA:70,0
DA:82,0
DA:86,0
DA:87,0
DA:89,0
DA:111,0
DA:112,0
DA:122,0
DA:123,0
DA:125,0
DA:135,0
DA:136,0
DA:142,0
DA:151,0
DA:159,0
DA:160,0
DA:170,0
DA:171,0
DA:172,0
DA:175,0
DA:180,0
DA:181,0
DA:187,0
DA:192,0
DA:193,0
DA:195,0
DA:196,0
DA:197,0
DA:198,0
DA:202,0
DA:203,0
DA:209,0
DA:210,0
DA:212,0
DA:219,0
DA:220,0
DA:222,0
DA:227,0
DA:228,0
DA:238,0
DA:239,0
DA:266,0
DA:267,0
DA:269,0
DA:270,0
DA:271,0
DA:280,0
DA:284,0
DA:290,0
DA:291,0
DA:301,0
DA:302,0
DA:304,0
DA:318,0
DA:319,0
DA:329,0
DA:330,0
DA:337,0
LF:85
LH:0
BRDA:12,0,0,0
BRDA:13,1,0,0
BRDA:14,2,0,0
BRDA:15,3,0,0
BRDA:31,4,0,0
BRDA:31,4,1,0
BRDA:36,5,0,0
BRDA:36,5,1,0
BRDA:41,6,0,0
BRDA:41,6,1,0
BRDA:46,7,0,0
BRDA:46,7,1,0
BRDA:51,8,0,0
BRDA:51,8,1,0
BRDA:58,9,0,0
BRDA:58,9,1,0
BRDA:66,10,0,0
BRDA:66,10,1,0
BRDA:67,11,0,0
BRDA:67,11,1,0
BRDA:86,12,0,0
BRDA:86,12,1,0
BRDA:135,13,0,0
BRDA:135,13,1,0
BRDA:180,14,0,0
BRDA:180,14,1,0
BRDA:196,15,0,0
BRDA:196,15,1,0
BRDA:202,16,0,0
BRDA:202,16,1,0
BRDA:270,17,0,0
BRDA:270,17,1,0
BRDA:272,18,0,0
BRDA:272,18,1,0
BRDA:273,19,0,0
BRDA:273,19,1,0
BRDA:274,20,0,0
BRDA:274,20,1,0
BRDA:275,21,0,0
BRDA:275,21,1,0
BRDA:276,22,0,0
BRDA:276,22,1,0
BRDA:277,23,0,0
BRDA:277,23,1,0
BRDA:280,24,0,0
BRDA:280,24,1,0
BRDA:302,25,0,0
BRDA:324,26,0,0
BRDA:324,26,1,0
BRF:49
BRH:0
end_of_record
TN:
SF:src/controllers/auth.js
FN:9,(anonymous_0)
FN:75,(anonymous_1)
FN:85,(anonymous_2)
FN:104,(anonymous_3)
FN:141,(anonymous_4)
FN:189,(anonymous_5)
FN:196,(anonymous_6)
FNF:7
FNH:0
FNDA:0,(anonymous_0)
FNDA:0,(anonymous_1)
FNDA:0,(anonymous_2)
FNDA:0,(anonymous_3)
FNDA:0,(anonymous_4)
FNDA:0,(anonymous_5)
FNDA:0,(anonymous_6)
DA:2,0
DA:3,0
DA:10,0
DA:11,0
DA:13,0
DA:14,0
DA:20,0
DA:25,0
DA:26,0
DA:32,0
DA:34,0
DA:35,0
DA:41,0
DA:47,0
DA:53,0
DA:65,0
DA:66,0
DA:78,0
DA:79,0
DA:82,0
DA:89,0
DA:94,0
DA:95,0
DA:105,0
DA:106,0
DA:108,0
DA:113,0
DA:114,0
DA:119,0
DA:131,0
DA:132,0
DA:142,0
DA:143,0
DA:145,0
DA:146,0
DA:152,0
DA:157,0
DA:158,0
DA:164,0
DA:167,0
DA:173,0
DA:179,0
DA:180,0
DA:190,0
DA:191,0
DA:195,0
DA:196,0
DA:207,0
DA:208,0
DA:215,0
LF:50
LH:0
BRDA:13,0,0,0
BRDA:13,0,1,0
BRDA:13,1,0,0
BRDA:13,1,1,0
BRDA:25,2,0,0
BRDA:25,2,1,0
BRDA:34,3,0,0
BRDA:34,3,1,0
BRDA:50,4,0,0
BRDA:50,4,1,0
BRDA:58,5,0,0
BRDA:58,5,1,0
BRDA:113,6,0,0
BRDA:113,6,1,0
BRDA:124,7,0,0
BRDA:124,7,1,0
BRDA:143,8,0,0
BRDA:145,9,0,0
BRDA:145,9,1,0
BRDA:145,10,0,0
BRDA:145,10,1,0
BRDA:145,10,2,0
BRDA:157,11,0,0
BRDA:157,11,1,0
BRDA:200,12,0,0
BRDA:200,12,1,0
BRF:26
BRH:0
end_of_record
TN:
SF:src/controllers/backup.js
FN:8,(anonymous_0)
FN:16,(anonymous_1)
FN:54,(anonymous_2)
FN:99,(anonymous_3)
FN:138,(anonymous_4)
FN:181,(anonymous_5)
FN:224,(anonymous_6)
FN:244,(anonymous_7)
FN:260,(anonymous_8)
FN:278,(anonymous_9)
FN:286,(anonymous_10)
FN:328,(anonymous_11)
FN:331,(anonymous_12)
FN:334,(anonymous_13)
FN:341,(anonymous_14)
FNF:15
FNH:0
FNDA:0,(anonymous_0)
FNDA:0,(anonymous_1)
FNDA:0,(anonymous_2)
FNDA:0,(anonymous_3)
FNDA:0,(anonymous_4)
FNDA:0,(anonymous_5)
FNDA:0,(anonymous_6)
FNDA:0,(anonymous_7)
FNDA:0,(anonymous_8)
FNDA:0,(anonymous_9)
FNDA:0,(anonymous_10)
FNDA:0,(anonymous_11)
FNDA:0,(anonymous_12)
FNDA:0,(anonymous_13)
FNDA:0,(anonymous_14)
DA:2,0
DA:3,0
DA:4,0
DA:5,0
DA:9,0
DA:10,0
DA:17,0
DA:19,0
DA:21,0
DA:22,0
DA:34,0
DA:36,0
DA:44,0
DA:45,0
DA:55,0
DA:56,0
DA:59,0
DA:60,0
DA:65,0
DA:66,0
DA:77,0
DA:80,0
DA:82,0
DA:89,0
DA:90,0
DA:100,0
DA:101,0
DA:104,0
DA:105,0
DA:110,0
DA:112,0
DA:113,0
DA:118,0
DA:119,0
DA:121,0
DA:128,0
DA:129,0
DA:139,0
DA:140,0
DA:142,0
DA:143,0
DA:149,0
DA:150,0
DA:154,0
DA:155,0
DA:158,0
DA:163,0
DA:165,0
DA:171,0
DA:172,0
DA:182,0
DA:183,0
DA:185,0
DA:186,0
DA:191,0
DA:192,0
DA:202,0
DA:205,0
DA:207,0
DA:214,0
DA:215,0
DA:225,0
DA:226,0
DA:227,0
DA:230,0
DA:231,0
DA:232,0
DA:236,0
DA:237,0
DA:241,0
DA:242,0
DA:244,0
DA:245,0
DA:246,0
DA:247,0
DA:254,0
DA:260,0
DA:261,0
DA:262,0
DA:268,0
DA:269,0
DA:279,0
DA:280,0
DA:283,0
DA:285,0
DA:286,0
DA:288,0
DA:289,0
DA:290,0
DA:291,0
DA:293,0
DA:294,0
DA:297,0
DA:298,0
DA:302,0
DA:303,0
DA:304,0
DA:307,0
DA:312,0
DA:315,0
DA:316,0
DA:317,0
DA:318,0
DA:320,0
DA:321,0
DA:329,0
DA:330,0
DA:331,0
DA:333,0
DA:334,0
DA:336,0
DA:339,0
DA:340,0
DA:341,0
DA:344,0
DA:345,0
DA:346,0
DA:348,0
DA:353,0
DA:356,0
DA:357,0
DA:358,0
DA:359,0
DA:361,0
DA:362,0
DA:367,0
LF:126
LH:0
BRDA:21,0,0,0
BRDA:21,0,1,0
BRDA:24,1,0,0
BRDA:24,1,1,0
BRDA:38,2,0,0
BRDA:38,2,1,0
BRDA:56,3,0,0
BRDA:56,4,0,0
BRDA:59,5,0,0
BRDA:59,5,1,0
BRDA:104,6,0,0
BRDA:104,6,1,0
BRDA:104,7,0,0
BRDA:104,7,1,0
BRDA:104,7,2,0
BRDA:112,8,0,0
BRDA:112,8,1,0
BRDA:142,9,0,0
BRDA:142,9,1,0
BRDA:149,10,0,0
BRDA:149,10,1,0
BRDA:183,11,0,0
BRDA:185,12,0,0
BRDA:185,12,1,0
BRDA:231,13,0,0
BRDA:231,13,1,0
BRDA:245,14,0,0
BRDA:245,14,1,0
BRDA:293,15,0,0
BRDA:293,15,1,0
BRDA:297,16,0,0
BRDA:297,16,1,0
BRF:32
BRH:0
end_of_record
TN:
SF:src/controllers/processing.js
FN:8,(anonymous_0)
FN:17,(anonymous_1)
FN:78,(anonymous_2)
FN:93,(anonymous_3)
FN:117,(anonymous_4)
FN:127,(anonymous_5)
FN:147,(anonymous_6)
FN:196,(anonymous_7)
FN:238,(anonymous_8)
FN:286,(anonymous_9)
FN:325,(anonymous_10)
FN:340,(anonymous_11)
FN:352,(anonymous_12)
FN:395,(anonymous_13)
FN:405,(anonymous_14)
FN:443,(anonymous_15)
FN:462,(anonymous_16)
FNF:17
FNH:0
FNDA:0,(anonymous_0)
FNDA:0,(anonymous_1)
FNDA:0,(anonymous_2)
FNDA:0,(anonymous_3)
FNDA:0,(anonymous_4)
FNDA:0,(anonymous_5)
FNDA:0,(anonymous_6)
FNDA:0,(anonymous_7)
FNDA:0,(anonymous_8)
FNDA:0,(anonymous_9)
FNDA:0,(anonymous_10)
FNDA:0,(anonymous_11)
FNDA:0,(anonymous_12)
FNDA:0,(anonymous_13)
FNDA:0,(anonymous_14)
FNDA:0,(anonymous_15)
FNDA:0,(anonymous_16)
DA:2,0
DA:3,0
DA:4,0
DA:5,0
DA:9,0
DA:10,0
DA:11,0
DA:18,0
DA:24,0
DA:26,0
DA:27,0
DA:33,0
DA:34,0
DA:39,0
DA:40,0
DA:56,0
DA:59,0
DA:61,0
DA:68,0
DA:69,0
DA:79,0
DA:80,0
DA:81,0
DA:83,0
DA:84,0
DA:94,0
DA:95,0
DA:96,0
DA:98,0
DA:102,0
DA:107,0
DA:108,0
DA:118,0
DA:119,0
DA:120,0
DA:122,0
DA:123,0
DA:124,0
DA:127,0
DA:128,0
DA:129,0
DA:132,0
DA:137,0
DA:138,0
DA:148,0
DA:149,0
DA:150,0
DA:152,0
DA:153,0
DA:154,0
DA:160,0
DA:161,0
DA:164,0
DA:165,0
DA:166,0
DA:173,0
DA:178,0
DA:180,0
DA:186,0
DA:187,0
DA:197,0
DA:199,0
DA:210,0
DA:218,0
DA:220,0
DA:228,0
DA:229,0
DA:239,0
DA:240,0
DA:242,0
DA:243,0
DA:248,0
DA:249,0
DA:264,0
DA:267,0
DA:269,0
DA:276,0
DA:277,0
DA:287,0
DA:288,0
DA:291,0
DA:292,0
DA:297,0
DA:298,0
DA:301,0
DA:302,0
DA:305,0
DA:306,0
DA:309,0
DA:316,0
DA:321,0
DA:322,0
DA:325,0
DA:326,0
DA:327,0
DA:328,0
DA:335,0
DA:340,0
DA:341,0
DA:342,0
DA:343,0
DA:352,0
DA:353,0
DA:354,0
DA:356,0
DA:357,0
DA:358,0
DA:364,0
DA:365,0
DA:373,0
DA:378,0
DA:382,0
DA:383,0
DA:384,0
DA:385,0
DA:387,0
DA:388,0
DA:396,0
DA:397,0
DA:399,0
DA:400,0
DA:402,0
DA:405,0
DA:407,0
DA:408,0
DA:409,0
DA:411,0
DA:418,0
DA:419,0
DA:420,0
DA:422,0
DA:427,0
DA:430,0
DA:431,0
DA:432,0
DA:433,0
DA:435,0
DA:436,0
DA:445,0
DA:446,0
DA:447,0
DA:448,0
DA:449,0
DA:453,0
DA:454,0
DA:455,0
DA:463,0
DA:465,0
DA:472,0
DA:473,0
DA:478,0
LF:151
LH:0
BRDA:21,0,0,0
BRDA:22,1,0,0
BRDA:23,2,0,0
BRDA:26,3,0,0
BRDA:26,3,1,0
BRDA:33,4,0,0
BRDA:33,4,1,0
BRDA:95,5,0,0
BRDA:123,6,0,0
BRDA:123,6,1,0
BRDA:128,7,0,0
BRDA:128,7,1,0
BRDA:153,8,0,0
BRDA:153,8,1,0
BRDA:160,9,0,0
BRDA:160,9,1,0
BRDA:222,10,0,0
BRDA:222,10,1,0
BRDA:240,11,0,0
BRDA:242,12,0,0
BRDA:242,12,1,0
BRDA:242,13,0,0
BRDA:242,13,1,0
BRDA:242,13,2,0
BRDA:297,14,0,0
BRDA:297,14,1,0
BRDA:301,15,0,0
BRDA:301,15,1,0
BRDA:305,16,0,0
BRDA:305,16,1,0
BRDA:327,17,0,0
BRDA:327,17,1,0
BRDA:342,18,0,0
BRDA:342,18,1,0
BRDA:356,19,0,0
BRDA:356,19,1,0
BRDA:400,20,0,0
BRDA:400,20,1,0
BRDA:446,21,0,0
BRDA:446,21,1,0
BRDA:454,22,0,0
BRDA:454,22,1,0
BRF:42
BRH:0
end_of_record
TN:
SF:src/controllers/search.js
FN:9,(anonymous_0)
FN:94,(anonymous_1)
FN:109,(anonymous_2)
FN:126,(anonymous_3)
FN:157,(anonymous_4)
FN:188,(anonymous_5)
FN:308,(anonymous_6)
FN:345,(anonymous_7)
FN:369,(anonymous_8)
FN:421,(anonymous_9)
FNF:10
FNH:0
FNDA:0,(anonymous_0)
FNDA:0,(anonymous_1)
FNDA:0,(anonymous_2)
FNDA:0,(anonymous_3)
FNDA:0,(anonymous_4)
FNDA:0,(anonymous_5)
FNDA:0,(anonymous_6)
FNDA:0,(anonymous_7)
FNDA:0,(anonymous_8)
FNDA:0,(anonymous_9)
DA:2,0
DA:3,0
DA:10,0
DA:11,0
DA:13,0
DA:14,0
DA:19,0
DA:20,0
DA:23,0
DA:77,0
DA:84,0
DA:85,0
DA:95,0
DA:96,0
DA:98,0
DA:99,0
DA:103,0
DA:109,0
DA:111,0
DA:116,0
DA:117,0
DA:127,0
DA:129,0
DA:142,0
DA:147,0
DA:148,0
DA:158,0
DA:160,0
DA:175,0
DA:178,0
DA:179,0
DA:189,0
DA:203,0
DA:205,0
DA:206,0
DA:209,0
DA:210,0
DA:215,0
DA:216,0
DA:219,0
DA:220,0
DA:221,0
DA:224,0
DA:225,0
DA:226,0
DA:229,0
DA:230,0
DA:231,0
DA:234,0
DA:235,0
DA:236,0
DA:239,0
DA:240,0
DA:241,0
DA:244,0
DA:245,0
DA:246,0
DA:249,0
DA:250,0
DA:251,0
DA:254,0
DA:255,0
DA:256,0
DA:259,0
DA:260,0
DA:261,0
DA:264,0
DA:267,0
DA:268,0
DA:270,0
DA:282,0
DA:286,0
DA:298,0
DA:299,0
DA:309,0
DA:310,0
DA:345,0
DA:346,0
DA:347,0
DA:349,0
DA:353,0
DA:356,0
DA:359,0
DA:360,0
DA:370,0
DA:371,0
DA:373,0
DA:374,0
DA:379,0
DA:380,0
DA:382,0
DA:404,0
DA:411,0
DA:412,0
DA:422,0
DA:423,0
DA:425,0
DA:426,0
DA:431,0
DA:432,0
DA:434,0
DA:458,0
DA:465,0
DA:466,0
DA:473,0
LF:105
LH:0
BRDA:11,0,0,0
BRDA:13,1,0,0
BRDA:13,1,1,0
BRDA:13,2,0,0
BRDA:13,2,1,0
BRDA:98,3,0,0
BRDA:98,3,1,0
BRDA:98,4,0,0
BRDA:98,4,1,0
BRDA:201,5,0,0
BRDA:202,6,0,0
BRDA:209,7,0,0
BRDA:209,7,1,0
BRDA:219,8,0,0
BRDA:219,8,1,0
BRDA:224,9,0,0
BRDA:224,9,1,0
BRDA:229,10,0,0
BRDA:229,10,1,0
BRDA:234,11,0,0
BRDA:234,11,1,0
BRDA:239,12,0,0
BRDA:239,12,1,0
BRDA:244,13,0,0
BRDA:244,13,1,0
BRDA:249,14,0,0
BRDA:249,14,1,0
BRDA:254,15,0,0
BRDA:254,15,1,0
BRDA:259,16,0,0
BRDA:259,16,1,0
BRDA:264,17,0,0
BRDA:264,17,1,0
BRDA:288,18,0,0
BRDA:288,18,1,0
BRDA:346,19,0,0
BRDA:346,19,1,0
BRDA:371,20,0,0
BRDA:373,21,0,0
BRDA:373,21,1,0
BRDA:373,22,0,0
BRDA:373,22,1,0
BRDA:423,23,0,0
BRDA:425,24,0,0
BRDA:425,24,1,0
BRDA:425,25,0,0
BRDA:425,25,1,0
BRF:47
BRH:0
end_of_record
TN:
SF:src/controllers/system.js
FN:11,(anonymous_0)
FN:23,(anonymous_1)
FN:62,(anonymous_2)
FN:101,(anonymous_3)
FN:146,(anonymous_4)
FN:184,(anonymous_5)
FN:187,(anonymous_6)
FN:190,(anonymous_7)
FN:208,(anonymous_8)
FN:238,(anonymous_9)
FN:319,(anonymous_10)
FN:355,(anonymous_11)
FN:376,(anonymous_12)
FN:396,(anonymous_13)
FN:408,(anonymous_14)
FN:409,(anonymous_15)
FN:415,(anonymous_16)
FN:418,(anonymous_17)
FNF:18
FNH:0
FNDA:0,(anonymous_0)
FNDA:0,(anonymous_1)
FNDA:0,(anonymous_2)
FNDA:0,(anonymous_3)
FNDA:0,(anonymous_4)
FNDA:0,(anonymous_5)
FNDA:0,(anonymous_6)
FNDA:0,(anonymous_7)
FNDA:0,(anonymous_8)
FNDA:0,(anonymous_9)
FNDA:0,(anonymous_10)
FNDA:0,(anonymous_11)
FNDA:0,(anonymous_12)
FNDA:0,(anonymous_13)
FNDA:0,(anonymous_14)
FNDA:0,(anonymous_15)
FNDA:0,(anonymous_16)
FNDA:0,(anonymous_17)
DA:2,0
DA:3,0
DA:4,0
DA:5,0
DA:12,0
DA:14,0
DA:23,0
DA:26,0
DA:42,0
DA:44,0
DA:52,0
DA:53,0
DA:63,0
DA:64,0
DA:88,0
DA:91,0
DA:92,0
DA:102,0
DA:103,0
DA:106,0
DA:113,0
DA:114,0
DA:115,0
DA:116,0
DA:117,0
DA:121,0
DA:122,0
DA:128,0
DA:130,0
DA:136,0
DA:137,0
DA:147,0
DA:148,0
DA:150,0
DA:151,0
DA:157,0
DA:177,0
DA:178,0
DA:184,0
DA:188,0
DA:189,0
DA:190,0
DA:194,0
DA:195,0
DA:198,0
DA:199,0
DA:200,0
DA:202,0
DA:203,0
DA:208,0
DA:220,0
DA:222,0
DA:223,0
DA:224,0
DA:228,0
DA:229,0
DA:239,0
DA:241,0
DA:251,0
DA:270,0
DA:277,0
DA:287,0
DA:297,0
DA:309,0
DA:310,0
DA:320,0
DA:321,0
DA:339,0
DA:345,0
DA:346,0
DA:356,0
DA:357,0
DA:366,0
DA:368,0
DA:369,0
DA:377,0
DA:378,0
DA:389,0
DA:397,0
DA:398,0
DA:399,0
DA:400,0
DA:402,0
DA:409,0
DA:416,0
DA:417,0
DA:418,0
DA:419,0
DA:420,0
DA:422,0
DA:426,0
LF:91
LH:0
BRDA:66,0,0,0
BRDA:66,0,1,0
BRDA:116,1,0,0
BRDA:116,1,1,0
BRDA:121,2,0,0
BRDA:121,2,1,0
BRDA:148,3,0,0
BRDA:148,4,0,0
BRDA:150,5,0,0
BRDA:150,5,1,0
BRDA:177,6,0,0
BRDA:177,6,1,0
BRDA:186,7,0,0
BRDA:186,7,1,0
BRDA:194,8,0,0
BRDA:194,8,1,0
BRDA:202,9,0,0
BRDA:202,9,1,0
BRDA:211,10,0,0
BRDA:211,10,1,0
BRDA:213,11,0,0
BRDA:213,11,1,0
BRDA:214,12,0,0
BRDA:214,12,1,0
BRDA:215,13,0,0
BRDA:215,13,1,0
BRDA:366,14,0,0
BRDA:366,14,1,0
BRDA:397,15,0,0
BRDA:397,15,1,0
BRDA:399,16,0,0
BRDA:399,16,1,0
BRDA:399,17,0,0
BRDA:399,17,1,0
BRDA:399,17,2,0
BRDA:419,18,0,0
BRDA:419,18,1,0
BRF:37
BRH:0
end_of_record
TN:
SF:src/controllers/tracks.js
FN:11,(anonymous_0)
FN:74,(anonymous_1)
FN:147,(anonymous_2)
FN:211,(anonymous_3)
FN:255,(anonymous_4)
FN:287,(anonymous_5)
FN:311,(anonymous_6)
FN:360,(anonymous_7)
FNF:8
FNH:0
FNDA:0,(anonymous_0)
FNDA:0,(anonymous_1)
FNDA:0,(anonymous_2)
FNDA:0,(anonymous_3)
FNDA:0,(anonymous_4)
FNDA:0,(anonymous_5)
FNDA:0,(anonymous_6)
FNDA:0,(anonymous_7)
DA:2,0
DA:3,0
DA:4,0
DA:5,0
DA:12,0
DA:13,0
DA:14,0
DA:17,0
DA:22,0
DA:23,0
DA:29,0
DA:33,0
DA:34,0
DA:36,0
DA:37,0
DA:38,0
DA:39,0
DA:43,0
DA:44,0
DA:50,0
DA:51,0
DA:53,0
DA:59,0
DA:64,0
DA:65,0
DA:75,0
DA:76,0
DA:79,0
DA:87,0
DA:88,0
DA:94,0
DA:97,0
DA:98,0
DA:103,0
DA:104,0
DA:107,0
DA:108,0
DA:109,0
DA:110,0
DA:111,0
DA:112,0
DA:114,0
DA:116,0
DA:123,0
DA:126,0
DA:132,0
DA:133,0
DA:137,0
DA:138,0
DA:148,0
DA:149,0
DA:151,0
DA:157,0
DA:158,0
DA:163,0
DA:165,0
DA:166,0
DA:171,0
DA:172,0
DA:174,0
DA:175,0
DA:176,0
DA:177,0
DA:178,0
DA:180,0
DA:182,0
DA:189,0
DA:191,0
DA:196,0
DA:197,0
DA:201,0
DA:202,0
DA:212,0
DA:213,0
DA:215,0
DA:222,0
DA:223,0
DA:228,0
DA:245,0
DA:246,0
DA:256,0
DA:257,0
DA:258,0
DA:261,0
DA:266,0
DA:267,0
DA:273,0
DA:274,0
DA:276,0
DA:285,0
DA:287,0
DA:301,0
DA:302,0
DA:312,0
DA:313,0
DA:316,0
DA:323,0
DA:324,0
DA:330,0
DA:331,0
DA:333,0
DA:334,0
DA:336,0
DA:337,0
DA:338,0
DA:341,0
DA:350,0
DA:351,0
DA:361,0
DA:371,0
DA:375,0
LF:111
LH:0
BRDA:22,0,0,0
BRDA:22,0,1,0
BRDA:37,1,0,0
BRDA:37,1,1,0
BRDA:43,2,0,0
BRDA:43,2,1,0
BRDA:87,3,0,0
BRDA:87,3,1,0
BRDA:97,4,0,0
BRDA:97,4,1,0
BRDA:108,5,0,0
BRDA:108,5,1,0
BRDA:111,6,0,0
BRDA:111,6,1,0
BRDA:157,7,0,0
BRDA:157,7,1,0
BRDA:165,8,0,0
BRDA:165,8,1,0
BRDA:174,9,0,0
BRDA:174,9,1,0
BRDA:177,10,0,0
BRDA:177,10,1,0
BRDA:222,11,0,0
BRDA:222,11,1,0
BRDA:258,12,0,0
BRDA:266,13,0,0
BRDA:266,13,1,0
BRDA:274,14,0,0
BRDA:274,14,1,0
BRDA:323,15,0,0
BRDA:323,15,1,0
BRDA:330,16,0,0
BRDA:330,16,1,0
BRDA:371,17,0,0
BRDA:371,17,1,0
BRF:35
BRH:0
end_of_record
TN:
SF:src/middleware/auth.js
FN:7,authenticateToken
FN:31,requireRole
FN:32,(anonymous_2)
FN:53,requireAnyRole
FN:54,(anonymous_4)
FN:75,optionalAuth
FNF:6
FNH:0
FNDA:0,authenticateToken
FNDA:0,requireRole
FNDA:0,(anonymous_2)
FNDA:0,requireAnyRole
FNDA:0,(anonymous_4)
FNDA:0,optionalAuth
DA:2,0
DA:8,0
DA:10,0
DA:11,0
DA:16,0
DA:17,0
DA:18,0
DA:23,0
DA:24,0
DA:32,0
DA:33,0
DA:34,0
DA:39,0
DA:40,0
DA:45,0
DA:54,0
DA:55,0
DA:56,0
DA:61,0
DA:62,0
DA:67,0
DA:76,0
DA:78,0
DA:79,0
DA:80,0
DA:81,0
DA:85,0
DA:88,0
LF:28
LH:0
BRDA:10,0,0,0
BRDA:10,0,1,0
BRDA:17,1,0,0
BRDA:17,1,1,0
BRDA:33,2,0,0
BRDA:33,2,1,0
BRDA:39,3,0,0
BRDA:39,3,1,0
BRDA:55,4,0,0
BRDA:55,4,1,0
BRDA:61,5,0,0
BRDA:61,5,1,0
BRDA:78,6,0,0
BRDA:78,6,1,0
BRDA:80,7,0,0
BRDA:80,7,1,0
BRF:16
BRH:0
end_of_record
TN:
SF:src/middleware/security.js
FN:9,configureSecurityHeaders
FN:60,(anonymous_1)
FN:97,requestLogger
FN:106,(anonymous_3)
FN:118,errorHandler
FNF:5
FNH:0
FNDA:0,configureSecurityHeaders
FNDA:0,(anonymous_1)
FNDA:0,requestLogger
FNDA:0,(anonymous_3)
FNDA:0,errorHandler
DA:2,0
DA:3,0
DA:4,0
DA:10,0
DA:40,0
DA:41,0
DA:42,0
DA:45,0
DA:51,0
DA:62,0
DA:69,0
DA:83,0
DA:98,0
DA:99,0
DA:100,0
DA:103,0
DA:106,0
DA:107,0
DA:108,0
DA:109,0
DA:112,0
DA:119,0
DA:122,0
DA:123,0
DA:127,0
DA:134,0
LF:26
LH:0
BRDA:40,0,0,0
BRDA:40,0,1,0
BRDA:62,1,0,0
BRDA:62,1,1,0
BRDA:100,2,0,0
BRDA:100,2,1,0
BRDA:122,3,0,0
BRDA:122,3,1,0
BRF:8
BRH:0
end_of_record
TN:
SF:src/services/database.js
FN:8,(anonymous_0)
FN:17,(anonymous_1)
FN:18,(anonymous_2)
FN:21,(anonymous_3)
FN:38,(anonymous_4)
FN:41,(anonymous_5)
FN:42,(anonymous_6)
FN:61,(anonymous_7)
FN:76,(anonymous_8)
FN:77,(anonymous_9)
FN:99,(anonymous_10)
FN:110,(anonymous_11)
FN:115,(anonymous_12)
FN:116,(anonymous_13)
FN:134,(anonymous_14)
FN:171,(anonymous_15)
FN:178,(anonymous_16)
FN:185,(anonymous_17)
FN:194,(anonymous_18)
FNF:19
FNH:0
FNDA:0,(anonymous_0)
FNDA:0,(anonymous_1)
FNDA:0,(anonymous_2)
FNDA:0,(anonymous_3)
FNDA:0,(anonymous_4)
FNDA:0,(anonymous_5)
FNDA:0,(anonymous_6)
FNDA:0,(anonymous_7)
FNDA:0,(anonymous_8)
FNDA:0,(anonymous_9)
FNDA:0,(anonymous_10)
FNDA:0,(anonymous_11)
FNDA:0,(anonymous_12)
FNDA:0,(anonymous_13)
FNDA:0,(anonymous_14)
FNDA:0,(anonymous_15)
FNDA:0,(anonymous_16)
FNDA:0,(anonymous_17)
FNDA:0,(anonymous_18)
DA:2,0
DA:3,0
DA:4,0
DA:5,0
DA:9,0
DA:10,0
DA:18,0
DA:19,0
DA:21,0
DA:22,0
DA:23,0
DA:24,0
DA:26,0
DA:27,0
DA:28,0
DA:39,0
DA:41,0
DA:42,0
DA:43,0
DA:44,0
DA:46,0
DA:48,0
DA:49,0
DA:62,0
DA:63,0
DA:66,0
DA:69,0
DA:70,0
DA:71,0
DA:72,0
DA:76,0
DA:77,0
DA:78,0
DA:79,0
DA:80,0
DA:83,0
DA:84,0
DA:86,0
DA:100,0
DA:101,0
DA:111,0
DA:112,0
DA:115,0
DA:116,0
DA:117,0
DA:118,0
DA:119,0
DA:121,0
DA:135,0
DA:136,0
DA:141,0
DA:146,0
DA:147,0
DA:152,0
DA:154,0
DA:158,0
DA:161,0
DA:163,0
DA:164,0
DA:172,0
DA:179,0
DA:186,0
DA:195,0
DA:197,0
DA:198,0
DA:200,0
DA:201,0
DA:202,0
DA:205,0
DA:206,0
DA:208,0
DA:209,0
DA:215,0
DA:216,0
LF:74
LH:0
BRDA:19,0,0,0
BRDA:19,0,1,0
BRDA:22,1,0,0
BRDA:22,1,1,0
BRDA:39,2,0,0
BRDA:39,2,1,0
BRDA:43,3,0,0
BRDA:43,3,1,0
BRDA:61,4,0,0
BRDA:61,5,0,0
BRDA:62,6,0,0
BRDA:62,6,1,0
BRDA:66,7,0,0
BRDA:66,7,1,0
BRDA:69,8,0,0
BRDA:69,8,1,0
BRDA:71,9,0,0
BRDA:71,9,1,0
BRDA:78,10,0,0
BRDA:78,10,1,0
BRDA:83,11,0,0
BRDA:83,11,1,0
BRDA:99,12,0,0
BRDA:99,13,0,0
BRDA:101,14,0,0
BRDA:101,14,1,0
BRDA:110,15,0,0
BRDA:111,16,0,0
BRDA:111,16,1,0
BRDA:117,17,0,0
BRDA:117,17,1,0
BRF:31
BRH:0
end_of_record
TN:
SF:src/utils/auth.js
FN:11,generateToken
FN:20,verifyToken
FN:33,hashPassword
FN:43,verifyPassword
FN:52,extractToken
FN:64,generateRandomPassword
FNF:6
FNH:6
FNDA:1,generateToken
FNDA:2,verifyToken
FNDA:1,hashPassword
FNDA:2,verifyPassword
FNDA:5,extractToken
FNDA:4,generateRandomPassword
DA:2,1
DA:3,1
DA:4,1
DA:12,1
DA:21,2
DA:22,2
DA:24,1
DA:34,1
DA:44,2
DA:53,5
DA:54,4
DA:56,1
DA:65,4
DA:66,4
DA:67,4
DA:68,56
DA:70,4
DA:73,1
LF:18
LH:18
BRDA:53,0,0,4
BRDA:53,0,1,1
BRDA:53,1,0,5
BRDA:53,1,1,2
BRDA:64,2,0,1
BRF:5
BRH:5
end_of_record
TN:
SF:src/utils/cache.js
FN:5,(anonymous_0)
FN:17,(anonymous_1)
FN:26,(anonymous_2)
FN:44,(anonymous_3)
FN:63,(anonymous_4)
FN:80,(anonymous_5)
FN:93,(anonymous_6)
FN:103,(anonymous_7)
FN:104,(anonymous_8)
FN:114,(anonymous_9)
FNF:10
FNH:0
FNDA:0,(anonymous_0)
FNDA:0,(anonymous_1)
FNDA:0,(anonymous_2)
FNDA:0,(anonymous_3)
FNDA:0,(anonymous_4)
FNDA:0,(anonymous_5)
FNDA:0,(anonymous_6)
FNDA:0,(anonymous_7)
FNDA:0,(anonymous_8)
FNDA:0,(anonymous_9)
DA:2,0
DA:6,0
DA:7,0
DA:8,0
DA:18,0
DA:28,0
DA:29,0
DA:30,0
DA:33,0
DA:45,0
DA:46,0
DA:47,0
DA:51,0
DA:52,0
DA:53,0
DA:56,0
DA:64,0
DA:65,0
DA:66,0
DA:69,0
DA:70,0
DA:71,0
DA:81,0
DA:95,0
DA:104,0
DA:105,0
DA:106,0
DA:108,0
DA:109,0
DA:113,0
DA:114,0
DA:116,0
DA:117,0
DA:120,0
DA:126,0
DA:127,0
LF:36
LH:0
BRDA:17,0,0,0
BRDA:28,1,0,0
BRDA:28,1,1,0
BRDA:46,2,0,0
BRDA:46,2,1,0
BRDA:51,3,0,0
BRDA:51,3,1,0
BRDA:63,4,0,0
BRDA:64,5,0,0
BRDA:64,5,1,0
BRDA:70,6,0,0
BRDA:70,6,1,0
BRDA:95,7,0,0
BRDA:95,7,1,0
BRDA:103,8,0,0
BRDA:108,9,0,0
BRDA:108,9,1,0
BRF:17
BRH:0
end_of_record
TN:
SF:src/websocket/index.js
FN:6,(anonymous_0)
FN:16,(anonymous_1)
FN:19,(anonymous_2)
FN:34,(anonymous_3)
FN:50,(anonymous_4)
FN:55,(anonymous_5)
FN:69,(anonymous_6)
FN:80,(anonymous_7)
FN:118,(anonymous_8)
FN:137,(anonymous_9)
FN:158,(anonymous_10)
FN:173,(anonymous_11)
FN:202,(anonymous_12)
FN:214,(anonymous_13)
FN:224,(anonymous_14)
FN:225,(anonymous_15)
FN:244,(anonymous_16)
FN:248,(anonymous_17)
FN:258,(anonymous_18)
FNF:19
FNH:0
FNDA:0,(anonymous_0)
FNDA:0,(anonymous_1)
FNDA:0,(anonymous_2)
FNDA:0,(anonymous_3)
FNDA:0,(anonymous_4)
FNDA:0,(anonymous_5)
FNDA:0,(anonymous_6)
FNDA:0,(anonymous_7)
FNDA:0,(anonymous_8)
FNDA:0,(anonymous_9)
FNDA:0,(anonymous_10)
FNDA:0,(anonymous_11)
FNDA:0,(anonymous_12)
FNDA:0,(anonymous_13)
FNDA:0,(anonymous_14)
FNDA:0,(anonymous_15)
FNDA:0,(anonymous_16)
FNDA:0,(anonymous_17)
FNDA:0,(anonymous_18)
DA:2,0
DA:3,0
DA:7,0
DA:8,0
DA:9,0
DA:17,0
DA:19,0
DA:20,0
DA:24,0
DA:26,0
DA:35,0
DA:36,0
DA:38,0
DA:41,0
DA:50,0
DA:51,0
DA:55,0
DA:56,0
DA:57,0
DA:60,0
DA:61,0
DA:62,0
DA:63,0
DA:69,0
DA:70,0
DA:71,0
DA:81,0
DA:82,0
DA:84,0
DA:86,0
DA:87,0
DA:90,0
DA:91,0
DA:94,0
DA:95,0
DA:98,0
DA:99,0
DA:102,0
DA:105,0
DA:106,0
DA:119,0
DA:120,0
DA:123,0
DA:125,0
DA:138,0
DA:139,0
DA:141,0
DA:142,0
DA:146,0
DA:159,0
DA:161,0
DA:174,0
DA:179,0
DA:181,0
DA:182,0
DA:185,0
DA:186,0
DA:187,0
DA:188,0
DA:190,0
DA:191,0
DA:203,0
DA:215,0
DA:225,0
DA:226,0
DA:227,0
DA:235,0
DA:245,0
DA:248,0
DA:259,0
DA:260,0
DA:262,0
DA:263,0
DA:268,0
DA:269,0
LF:75
LH:0
BRDA:62,0,0,0
BRDA:62,0,1,0
BRDA:84,1,0,0
BRDA:84,1,1,0
BRDA:84,1,2,0
BRDA:84,1,3,0
BRDA:84,1,4,0
BRDA:119,2,0,0
BRDA:119,2,1,0
BRDA:138,3,0,0
BRDA:138,3,1,0
BRDA:141,4,0,0
BRDA:141,4,1,0
BRDA:173,5,0,0
BRDA:181,6,0,0
BRDA:181,6,1,0
BRDA:181,7,0,0
BRDA:181,7,1,0
BRDA:186,8,0,0
BRDA:186,8,1,0
BRDA:202,9,0,0
BRDA:226,10,0,0
BRDA:226,10,1,0
BRDA:259,11,0,0
BRDA:259,11,1,0
BRF:25
BRH:0
end_of_record
TN:
SF:src/websocket/jobManager.js
FN:5,(anonymous_0)
FN:18,(anonymous_1)
FN:46,(anonymous_2)
FN:69,(anonymous_3)
FN:84,(anonymous_4)
FN:100,(anonymous_5)
FN:135,(anonymous_6)
FN:139,(anonymous_7)
FN:146,(anonymous_8)
FN:155,(anonymous_9)
FN:163,(anonymous_10)
FN:167,(anonymous_11)
FN:168,(anonymous_12)
FN:171,(anonymous_13)
FN:189,(anonymous_14)
FN:202,(anonymous_15)
FN:204,(anonymous_16)
FN:214,(anonymous_17)
FNF:18
FNH:0
FNDA:0,(anonymous_0)
FNDA:0,(anonymous_1)
FNDA:0,(anonymous_2)
FNDA:0,(anonymous_3)
FNDA:0,(anonymous_4)
FNDA:0,(anonymous_5)
FNDA:0,(anonymous_6)
FNDA:0,(anonymous_7)
FNDA:0,(anonymous_8)
FNDA:0,(anonymous_9)
FNDA:0,(anonymous_10)
FNDA:0,(anonymous_11)
FNDA:0,(anonymous_12)
FNDA:0,(anonymous_13)
FNDA:0,(anonymous_14)
FNDA:0,(anonymous_15)
FNDA:0,(anonymous_16)
FNDA:0,(anonymous_17)
DA:2,0
DA:6,0
DA:7,0
DA:8,0
DA:19,0
DA:20,0
DA:35,0
DA:36,0
DA:47,0
DA:48,0
DA:49,0
DA:50,0
DA:53,0
DA:54,0
DA:55,0
DA:59,0
DA:61,0
DA:70,0
DA:71,0
DA:72,0
DA:85,0
DA:86,0
DA:87,0
DA:101,0
DA:102,0
DA:103,0
DA:104,0
DA:107,0
DA:108,0
DA:109,0
DA:110,0
DA:113,0
DA:114,0
DA:115,0
DA:119,0
DA:120,0
DA:121,0
DA:125,0
DA:127,0
DA:136,0
DA:137,0
DA:139,0
DA:147,0
DA:156,0
DA:164,0
DA:165,0
DA:167,0
DA:168,0
DA:170,0
DA:171,0
DA:174,0
DA:190,0
DA:191,0
DA:192,0
DA:193,0
DA:195,0
DA:203,0
DA:204,0
DA:205,0
DA:211,0
DA:214,0
DA:215,0
DA:218,0
LF:63
LH:0
BRDA:18,0,0,0
BRDA:18,1,0,0
BRDA:46,2,0,0
BRDA:46,3,0,0
BRDA:48,4,0,0
BRDA:48,4,1,0
BRDA:55,5,0,0
BRDA:55,5,1,0
BRDA:71,6,0,0
BRDA:71,6,1,0
BRDA:86,7,0,0
BRDA:86,7,1,0
BRDA:100,8,0,0
BRDA:100,9,0,0
BRDA:102,10,0,0
BRDA:102,10,1,0
BRDA:113,11,0,0
BRDA:113,11,1,0
BRDA:120,12,0,0
BRDA:120,12,1,0
BRDA:137,13,0,0
BRDA:137,13,1,0
BRDA:139,14,0,0
BRDA:139,14,1,0
BRDA:155,15,0,0
BRDA:170,16,0,0
BRDA:170,16,1,0
BRDA:171,17,0,0
BRDA:171,17,1,0
BRDA:179,18,0,0
BRDA:179,18,1,0
BRDA:189,19,0,0
BRDA:191,20,0,0
BRDA:191,20,1,0
BRDA:202,21,0,0
BRDA:205,22,0,0
BRDA:205,22,1,0
BRF:37
BRH:0
end_of_record
