TN:
SF:server.js
FN:157,(anonymous_0)
FN:200,(anonymous_1)
FN:201,(anonymous_2)
FN:202,(anonymous_3)
FN:281,(anonymous_4)
FN:304,(anonymous_5)
FN:325,(anonymous_6)
FN:346,(anonymous_7)
FN:367,(anonymous_8)
FN:377,(anonymous_9)
FN:391,(anonymous_10)
FN:395,(anonymous_11)
FN:460,(anonymous_12)
FN:474,startServer
FN:490,(anonymous_14)
FN:510,shutdown
FN:513,(anonymous_16)
FN:529,(anonymous_17)
FNF:18
FNH:0
FNDA:0,(anonymous_0)
FNDA:0,(anonymous_1)
FNDA:0,(anonymous_2)
FNDA:0,(anonymous_3)
FNDA:0,(anonymous_4)
FNDA:0,(anonymous_5)
FNDA:0,(anonymous_6)
FNDA:0,(anonymous_7)
FNDA:0,(anonymous_8)
FNDA:0,(anonymous_9)
FNDA:0,(anonymous_10)
FNDA:0,(anonymous_11)
FNDA:0,(anonymous_12)
FNDA:0,startServer
FNDA:0,(anonymous_14)
FNDA:0,shutdown
FNDA:0,(anonymous_16)
FNDA:0,(anonymous_17)
DA:2,0
DA:3,0
DA:4,0
DA:7,0
DA:8,0
DA:11,0
DA:12,0
DA:26,0
DA:27,0
DA:34,0
DA:37,0
DA:38,0
DA:39,0
DA:40,0
DA:41,0
DA:42,0
DA:43,0
DA:44,0
DA:47,0
DA:48,0
DA:51,0
DA:52,0
DA:53,0
DA:54,0
DA:55,0
DA:56,0
DA:61,0
DA:62,0
DA:65,0
DA:66,0
DA:67,0
DA:70,0
DA:71,0
DA:74,0
DA:77,0
DA:78,0
DA:82,0
DA:83,0
DA:87,0
DA:90,0
DA:91,0
DA:157,0
DA:158,0
DA:160,0
DA:173,0
DA:180,0
DA:187,0
DA:191,0
DA:200,0
DA:201,0
DA:202,0
DA:207,0
DA:209,0
DA:220,0
DA:221,0
DA:222,0
DA:225,0
DA:226,0
DA:229,0
DA:230,0
DA:231,0
DA:234,0
DA:235,0
DA:238,0
DA:239,0
DA:240,0
DA:241,0
DA:242,0
DA:243,0
DA:244,0
DA:245,0
DA:248,0
DA:249,0
DA:250,0
DA:251,0
DA:252,0
DA:253,0
DA:256,0
DA:257,0
DA:258,0
DA:259,0
DA:260,0
DA:261,0
DA:262,0
DA:265,0
DA:266,0
DA:267,0
DA:268,0
DA:269,0
DA:270,0
DA:273,0
DA:274,0
DA:275,0
DA:276,0
DA:277,0
DA:278,0
DA:281,0
DA:282,0
DA:284,0
DA:294,0
DA:299,0
DA:300,0
DA:304,0
DA:305,0
DA:306,0
DA:318,0
DA:320,0
DA:321,0
DA:325,0
DA:326,0
DA:327,0
DA:339,0
DA:341,0
DA:342,0
DA:346,0
DA:347,0
DA:349,0
DA:359,0
DA:361,0
DA:362,0
DA:367,0
DA:368,0
DA:369,0
DA:370,0
DA:372,0
DA:374,0
DA:375,0
DA:377,0
DA:378,0
DA:382,0
DA:383,0
DA:387,0
DA:388,0
DA:391,0
DA:397,0
DA:398,0
DA:399,0
DA:403,0
DA:405,0
DA:406,0
DA:446,0
DA:447,0
DA:448,0
DA:449,0
DA:450,0
DA:451,0
DA:452,0
DA:453,0
DA:454,0
DA:455,0
DA:456,0
DA:457,0
DA:460,0
DA:461,0
DA:462,0
DA:464,0
DA:469,0
DA:475,0
DA:476,0
DA:479,0
DA:480,0
DA:483,0
DA:484,0
DA:487,0
DA:490,0
DA:491,0
DA:492,0
DA:493,0
DA:494,0
DA:498,0
DA:499,0
DA:502,0
DA:503,0
DA:511,0
DA:513,0
DA:514,0
DA:517,0
DA:518,0
DA:521,0
DA:522,0
DA:524,0
DA:525,0
DA:529,0
DA:530,0
DA:531,0
DA:536,0
DA:537,0
DA:540,0
LF:188
LH:0
BRDA:52,0,0,0
BRDA:52,0,1,0
BRDA:54,1,0,0
BRDA:54,1,1,0
BRDA:77,2,0,0
BRDA:77,2,1,0
BRDA:82,3,0,0
BRDA:82,3,1,0
BRDA:187,4,0,0
BRDA:187,4,1,0
BRDA:187,5,0,0
BRDA:187,5,1,0
BRDA:197,6,0,0
BRDA:197,6,1,0
BRDA:199,7,0,0
BRDA:199,7,1,0
BRDA:200,8,0,0
BRDA:200,8,1,0
BRDA:201,9,0,0
BRDA:201,9,1,0
BRDA:202,10,0,0
BRDA:202,10,1,0
BRDA:295,11,0,0
BRDA:295,11,1,0
BRDA:318,12,0,0
BRDA:318,12,1,0
BRDA:339,13,0,0
BRDA:339,13,1,0
BRDA:359,14,0,0
BRDA:359,14,1,0
BRDA:370,15,0,0
BRDA:370,15,1,0
BRDA:377,16,0,0
BRDA:377,16,1,0
BRDA:382,17,0,0
BRDA:382,17,1,0
BRDA:393,18,0,0
BRDA:393,18,1,0
BRDA:397,19,0,0
BRDA:397,19,1,0
BRDA:461,20,0,0
BRDA:461,20,1,0
BRDA:494,21,0,0
BRDA:494,21,1,0
BRDA:536,22,0,0
BRDA:536,22,1,0
BRF:46
BRH:0
end_of_record
TN:
SF:src/config/index.js
FN:51,(anonymous_0)
FN:52,(anonymous_1)
FN:53,(anonymous_2)
FNF:3
FNH:0
FNDA:0,(anonymous_0)
FNDA:0,(anonymous_1)
FNDA:0,(anonymous_2)
DA:2,0
DA:5,0
DA:6,0
DA:9,0
DA:10,0
DA:11,0
DA:14,0
DA:15,0
DA:18,0
DA:23,0
DA:24,0
DA:27,0
DA:28,0
DA:32,0
DA:33,0
DA:35,0
DA:38,0
DA:51,0
DA:52,0
DA:53,0
LF:20
LH:0
BRDA:5,0,0,0
BRDA:5,0,1,0
BRDA:6,1,0,0
BRDA:6,1,1,0
BRDA:9,2,0,0
BRDA:9,2,1,0
BRDA:10,3,0,0
BRDA:10,3,1,0
BRDA:18,4,0,0
BRDA:18,4,1,0
BRDA:18,4,2,0
BRDA:24,5,0,0
BRDA:24,5,1,0
BRDA:27,6,0,0
BRDA:27,6,1,0
BRDA:27,7,0,0
BRDA:27,7,1,0
BRDA:32,8,0,0
BRDA:32,8,1,0
BRF:19
BRH:0
end_of_record
TN:
SF:src/config/security.js
FN:250,getSecurityConfig
FN:272,validateSecurityConfig
FN:309,getMiddlewareConfig
FNF:3
FNH:0
FNDA:0,getSecurityConfig
FNDA:0,validateSecurityConfig
FNDA:0,getMiddlewareConfig
DA:2,0
DA:8,0
DA:251,0
DA:253,0
DA:255,0
DA:257,0
DA:259,0
DA:261,0
DA:263,0
DA:265,0
DA:273,0
DA:276,0
DA:277,0
DA:280,0
DA:281,0
DA:285,0
DA:286,0
DA:290,0
DA:291,0
DA:292,0
DA:295,0
DA:296,0
DA:300,0
DA:310,0
DA:312,0
DA:323,0
DA:325,0
DA:327,0
DA:331,0
LF:29
LH:0
BRDA:12,0,0,0
BRDA:12,0,1,0
BRDA:24,1,0,0
BRDA:24,1,1,0
BRDA:130,2,0,0
BRDA:130,2,1,0
BRDA:213,3,0,0
BRDA:213,3,1,0
BRDA:250,4,0,0
BRDA:251,5,0,0
BRDA:251,5,1,0
BRDA:251,5,2,0
BRDA:251,5,3,0
BRDA:251,5,4,0
BRDA:251,5,5,0
BRDA:251,5,6,0
BRDA:276,6,0,0
BRDA:276,6,1,0
BRDA:276,7,0,0
BRDA:276,7,1,0
BRDA:280,8,0,0
BRDA:280,8,1,0
BRDA:285,9,0,0
BRDA:285,9,1,0
BRDA:290,10,0,0
BRDA:290,10,1,0
BRDA:291,11,0,0
BRDA:291,11,1,0
BRDA:295,12,0,0
BRDA:295,12,1,0
BRDA:310,13,0,0
BRDA:310,13,1,0
BRDA:310,13,2,0
BRDA:310,13,3,0
BRF:34
BRH:0
end_of_record
TN:
SF:src/config/swagger.js
FNF:0
FNH:0
DA:2,0
DA:3,0
DA:5,0
DA:292,0
DA:294,0
LF:5
LH:0
BRF:0
BRH:0
end_of_record
TN:
SF:src/controllers/albums.js
FN:109,(anonymous_0)
FN:263,(anonymous_1)
FN:311,(anonymous_2)
FN:379,(anonymous_3)
FN:411,(anonymous_4)
FN:449,(anonymous_5)
FN:468,(anonymous_6)
FNF:7
FNH:0
FNDA:0,(anonymous_0)
FNDA:0,(anonymous_1)
FNDA:0,(anonymous_2)
FNDA:0,(anonymous_3)
FNDA:0,(anonymous_4)
FNDA:0,(anonymous_5)
FNDA:0,(anonymous_6)
DA:2,0
DA:3,0
DA:110,0
DA:121,0
DA:124,0
DA:125,0
DA:128,0
DA:129,0
DA:131,0
DA:132,0
DA:133,0
DA:136,0
DA:137,0
DA:138,0
DA:141,0
DA:142,0
DA:143,0
DA:146,0
DA:147,0
DA:148,0
DA:151,0
DA:152,0
DA:155,0
DA:158,0
DA:162,0
DA:166,0
DA:167,0
DA:170,0
DA:182,0
DA:186,0
DA:187,0
DA:189,0
DA:211,0
DA:212,0
DA:264,0
DA:265,0
DA:267,0
DA:277,0
DA:278,0
DA:284,0
DA:293,0
DA:301,0
DA:302,0
DA:312,0
DA:313,0
DA:314,0
DA:317,0
DA:322,0
DA:323,0
DA:329,0
DA:334,0
DA:335,0
DA:337,0
DA:338,0
DA:339,0
DA:340,0
DA:344,0
DA:345,0
DA:351,0
DA:352,0
DA:354,0
DA:361,0
DA:362,0
DA:364,0
DA:369,0
DA:370,0
DA:380,0
DA:381,0
DA:408,0
DA:409,0
DA:411,0
DA:412,0
DA:413,0
DA:422,0
DA:427,0
DA:428,0
DA:429,0
DA:430,0
DA:433,0
DA:439,0
DA:440,0
DA:450,0
DA:451,0
DA:453,0
DA:467,0
DA:468,0
DA:478,0
DA:479,0
DA:486,0
LF:89
LH:0
BRDA:112,0,0,0
BRDA:113,1,0,0
BRDA:114,2,0,0
BRDA:115,3,0,0
BRDA:131,4,0,0
BRDA:131,4,1,0
BRDA:136,5,0,0
BRDA:136,5,1,0
BRDA:141,6,0,0
BRDA:141,6,1,0
BRDA:146,7,0,0
BRDA:146,7,1,0
BRDA:151,8,0,0
BRDA:151,8,1,0
BRDA:158,9,0,0
BRDA:158,9,1,0
BRDA:166,10,0,0
BRDA:166,10,1,0
BRDA:167,11,0,0
BRDA:167,11,1,0
BRDA:186,12,0,0
BRDA:186,12,1,0
BRDA:277,13,0,0
BRDA:277,13,1,0
BRDA:322,14,0,0
BRDA:322,14,1,0
BRDA:338,15,0,0
BRDA:338,15,1,0
BRDA:344,16,0,0
BRDA:344,16,1,0
BRDA:412,17,0,0
BRDA:412,17,1,0
BRDA:414,18,0,0
BRDA:414,18,1,0
BRDA:415,19,0,0
BRDA:415,19,1,0
BRDA:416,20,0,0
BRDA:416,20,1,0
BRDA:417,21,0,0
BRDA:417,21,1,0
BRDA:418,22,0,0
BRDA:418,22,1,0
BRDA:419,23,0,0
BRDA:419,23,1,0
BRDA:422,24,0,0
BRDA:422,24,1,0
BRDA:427,25,0,0
BRDA:427,25,1,0
BRDA:428,26,0,0
BRDA:428,26,1,0
BRDA:429,27,0,0
BRDA:429,27,1,0
BRDA:430,28,0,0
BRDA:430,28,1,0
BRDA:451,29,0,0
BRDA:473,30,0,0
BRDA:473,30,1,0
BRF:57
BRH:0
end_of_record
TN:
SF:src/controllers/auth.js
FN:71,(anonymous_0)
FN:136,(anonymous_1)
FN:146,(anonymous_2)
FN:165,(anonymous_3)
FN:202,(anonymous_4)
FN:250,(anonymous_5)
FN:257,(anonymous_6)
FNF:7
FNH:0
FNDA:0,(anonymous_0)
FNDA:0,(anonymous_1)
FNDA:0,(anonymous_2)
FNDA:0,(anonymous_3)
FNDA:0,(anonymous_4)
FNDA:0,(anonymous_5)
FNDA:0,(anonymous_6)
DA:2,0
DA:3,0
DA:72,0
DA:73,0
DA:75,0
DA:76,0
DA:82,0
DA:87,0
DA:88,0
DA:93,0
DA:95,0
DA:96,0
DA:102,0
DA:108,0
DA:114,0
DA:126,0
DA:127,0
DA:139,0
DA:140,0
DA:143,0
DA:150,0
DA:155,0
DA:156,0
DA:166,0
DA:167,0
DA:169,0
DA:174,0
DA:175,0
DA:180,0
DA:192,0
DA:193,0
DA:203,0
DA:204,0
DA:206,0
DA:207,0
DA:213,0
DA:218,0
DA:219,0
DA:225,0
DA:228,0
DA:234,0
DA:240,0
DA:241,0
DA:251,0
DA:252,0
DA:256,0
DA:257,0
DA:268,0
DA:269,0
DA:276,0
LF:50
LH:0
BRDA:75,0,0,0
BRDA:75,0,1,0
BRDA:75,1,0,0
BRDA:75,1,1,0
BRDA:87,2,0,0
BRDA:87,2,1,0
BRDA:95,3,0,0
BRDA:95,3,1,0
BRDA:111,4,0,0
BRDA:111,4,1,0
BRDA:119,5,0,0
BRDA:119,5,1,0
BRDA:174,6,0,0
BRDA:174,6,1,0
BRDA:185,7,0,0
BRDA:185,7,1,0
BRDA:204,8,0,0
BRDA:206,9,0,0
BRDA:206,9,1,0
BRDA:206,10,0,0
BRDA:206,10,1,0
BRDA:206,10,2,0
BRDA:218,11,0,0
BRDA:218,11,1,0
BRDA:261,12,0,0
BRDA:261,12,1,0
BRF:26
BRH:0
end_of_record
TN:
SF:src/controllers/backup.js
FN:8,(anonymous_0)
FN:16,(anonymous_1)
FN:58,(anonymous_2)
FN:103,(anonymous_3)
FN:142,(anonymous_4)
FN:185,(anonymous_5)
FN:228,(anonymous_6)
FN:275,(anonymous_7)
FN:283,(anonymous_8)
FN:325,(anonymous_9)
FN:328,(anonymous_10)
FN:331,(anonymous_11)
FN:338,(anonymous_12)
FNF:13
FNH:0
FNDA:0,(anonymous_0)
FNDA:0,(anonymous_1)
FNDA:0,(anonymous_2)
FNDA:0,(anonymous_3)
FNDA:0,(anonymous_4)
FNDA:0,(anonymous_5)
FNDA:0,(anonymous_6)
FNDA:0,(anonymous_7)
FNDA:0,(anonymous_8)
FNDA:0,(anonymous_9)
FNDA:0,(anonymous_10)
FNDA:0,(anonymous_11)
FNDA:0,(anonymous_12)
DA:2,0
DA:3,0
DA:4,0
DA:5,0
DA:9,0
DA:10,0
DA:17,0
DA:19,0
DA:21,0
DA:22,0
DA:36,0
DA:38,0
DA:48,0
DA:49,0
DA:59,0
DA:60,0
DA:63,0
DA:64,0
DA:69,0
DA:70,0
DA:81,0
DA:84,0
DA:86,0
DA:93,0
DA:94,0
DA:104,0
DA:105,0
DA:108,0
DA:109,0
DA:114,0
DA:116,0
DA:117,0
DA:122,0
DA:123,0
DA:125,0
DA:132,0
DA:133,0
DA:143,0
DA:144,0
DA:146,0
DA:147,0
DA:153,0
DA:154,0
DA:158,0
DA:159,0
DA:162,0
DA:167,0
DA:169,0
DA:175,0
DA:176,0
DA:186,0
DA:187,0
DA:189,0
DA:190,0
DA:195,0
DA:196,0
DA:206,0
DA:209,0
DA:211,0
DA:218,0
DA:219,0
DA:229,0
DA:230,0
DA:231,0
DA:232,0
DA:235,0
DA:236,0
DA:237,0
DA:241,0
DA:244,0
DA:245,0
DA:251,0
DA:254,0
DA:256,0
DA:265,0
DA:266,0
DA:276,0
DA:277,0
DA:280,0
DA:282,0
DA:283,0
DA:285,0
DA:286,0
DA:287,0
DA:288,0
DA:290,0
DA:291,0
DA:294,0
DA:295,0
DA:299,0
DA:300,0
DA:301,0
DA:304,0
DA:309,0
DA:312,0
DA:313,0
DA:314,0
DA:315,0
DA:317,0
DA:318,0
DA:326,0
DA:327,0
DA:328,0
DA:330,0
DA:331,0
DA:333,0
DA:336,0
DA:337,0
DA:338,0
DA:341,0
DA:342,0
DA:343,0
DA:345,0
DA:350,0
DA:353,0
DA:354,0
DA:355,0
DA:356,0
DA:358,0
DA:359,0
DA:364,0
LF:121
LH:0
BRDA:21,0,0,0
BRDA:21,0,1,0
BRDA:26,1,0,0
BRDA:26,1,1,0
BRDA:42,2,0,0
BRDA:42,2,1,0
BRDA:60,3,0,0
BRDA:60,4,0,0
BRDA:63,5,0,0
BRDA:63,5,1,0
BRDA:108,6,0,0
BRDA:108,6,1,0
BRDA:108,7,0,0
BRDA:108,7,1,0
BRDA:108,7,2,0
BRDA:116,8,0,0
BRDA:116,8,1,0
BRDA:146,9,0,0
BRDA:146,9,1,0
BRDA:153,10,0,0
BRDA:153,10,1,0
BRDA:187,11,0,0
BRDA:189,12,0,0
BRDA:189,12,1,0
BRDA:236,13,0,0
BRDA:236,13,1,0
BRDA:244,14,0,0
BRDA:244,14,1,0
BRDA:290,15,0,0
BRDA:290,15,1,0
BRDA:294,16,0,0
BRDA:294,16,1,0
BRF:32
BRH:0
end_of_record
TN:
SF:src/controllers/performance.js
FN:14,(anonymous_0)
FN:36,(anonymous_1)
FN:58,(anonymous_2)
FN:80,(anonymous_3)
FN:91,(anonymous_4)
FN:92,(anonymous_5)
FN:93,(anonymous_6)
FN:110,(anonymous_7)
FN:139,(anonymous_8)
FN:155,(anonymous_9)
FN:159,(anonymous_10)
FN:171,(anonymous_11)
FN:173,(anonymous_12)
FN:178,(anonymous_13)
FN:179,(anonymous_14)
FN:197,(anonymous_15)
FN:205,(anonymous_16)
FN:248,(anonymous_17)
FN:270,(anonymous_18)
FN:314,(anonymous_19)
FN:338,(anonymous_20)
FN:374,(anonymous_21)
FN:388,(anonymous_22)
FNF:23
FNH:0
FNDA:0,(anonymous_0)
FNDA:0,(anonymous_1)
FNDA:0,(anonymous_2)
FNDA:0,(anonymous_3)
FNDA:0,(anonymous_4)
FNDA:0,(anonymous_5)
FNDA:0,(anonymous_6)
FNDA:0,(anonymous_7)
FNDA:0,(anonymous_8)
FNDA:0,(anonymous_9)
FNDA:0,(anonymous_10)
FNDA:0,(anonymous_11)
FNDA:0,(anonymous_12)
FNDA:0,(anonymous_13)
FNDA:0,(anonymous_14)
FNDA:0,(anonymous_15)
FNDA:0,(anonymous_16)
FNDA:0,(anonymous_17)
FNDA:0,(anonymous_18)
FNDA:0,(anonymous_19)
FNDA:0,(anonymous_20)
FNDA:0,(anonymous_21)
FNDA:0,(anonymous_22)
DA:2,0
DA:15,0
DA:16,0
DA:18,0
DA:24,0
DA:25,0
DA:37,0
DA:38,0
DA:40,0
DA:46,0
DA:47,0
DA:59,0
DA:60,0
DA:62,0
DA:68,0
DA:69,0
DA:81,0
DA:82,0
DA:84,0
DA:91,0
DA:92,0
DA:93,0
DA:98,0
DA:99,0
DA:111,0
DA:112,0
DA:113,0
DA:114,0
DA:116,0
DA:127,0
DA:128,0
DA:140,0
DA:141,0
DA:142,0
DA:143,0
DA:145,0
DA:146,0
DA:152,0
DA:155,0
DA:156,0
DA:159,0
DA:160,0
DA:163,0
DA:171,0
DA:173,0
DA:178,0
DA:179,0
DA:185,0
DA:186,0
DA:198,0
DA:199,0
DA:200,0
DA:202,0
DA:205,0
DA:207,0
DA:209,0
DA:210,0
DA:211,0
DA:213,0
DA:214,0
DA:215,0
DA:218,0
DA:219,0
DA:222,0
DA:225,0
DA:236,0
DA:237,0
DA:249,0
DA:250,0
DA:252,0
DA:258,0
DA:259,0
DA:271,0
DA:272,0
DA:274,0
DA:276,0
DA:277,0
DA:279,0
DA:280,0
DA:281,0
DA:286,0
DA:289,0
DA:290,0
DA:293,0
DA:302,0
DA:303,0
DA:315,0
DA:316,0
DA:326,0
DA:327,0
DA:339,0
DA:340,0
DA:341,0
DA:342,0
DA:344,0
DA:346,0
DA:348,0
DA:349,0
DA:350,0
DA:351,0
DA:354,0
DA:355,0
DA:356,0
DA:363,0
DA:364,0
DA:375,0
DA:378,0
DA:379,0
DA:380,0
DA:381,0
DA:382,0
DA:383,0
DA:386,0
DA:387,0
DA:388,0
DA:389,0
DA:392,0
DA:396,0
LF:118
LH:0
BRDA:142,0,0,0
BRDA:142,0,1,0
BRDA:143,1,0,0
BRDA:143,1,1,0
BRDA:145,2,0,0
BRDA:145,2,1,0
BRDA:145,3,0,0
BRDA:145,3,1,0
BRDA:145,3,2,0
BRDA:156,4,0,0
BRDA:156,4,1,0
BRDA:160,5,0,0
BRDA:160,5,1,0
BRDA:170,6,0,0
BRDA:170,6,1,0
BRDA:172,7,0,0
BRDA:172,7,1,0
BRDA:177,8,0,0
BRDA:177,8,1,0
BRDA:199,9,0,0
BRDA:199,10,0,0
BRDA:199,11,0,0
BRDA:200,12,0,0
BRDA:200,12,1,0
BRDA:207,13,0,0
BRDA:207,13,1,0
BRDA:207,13,2,0
BRDA:207,13,3,0
BRDA:222,14,0,0
BRDA:222,14,1,0
BRDA:274,15,0,0
BRDA:274,15,1,0
BRDA:280,16,0,0
BRDA:280,16,1,0
BRDA:280,17,0,0
BRDA:280,17,1,0
BRDA:280,17,2,0
BRDA:289,18,0,0
BRDA:289,18,1,0
BRDA:340,19,0,0
BRDA:341,20,0,0
BRDA:341,20,1,0
BRDA:342,21,0,0
BRDA:342,21,1,0
BRDA:346,22,0,0
BRDA:346,22,1,0
BRF:46
BRH:0
end_of_record
TN:
SF:src/controllers/processing.js
FN:8,(anonymous_0)
FN:17,(anonymous_1)
FN:78,(anonymous_2)
FN:93,(anonymous_3)
FN:117,(anonymous_4)
FN:127,(anonymous_5)
FN:147,(anonymous_6)
FN:196,(anonymous_7)
FN:248,(anonymous_8)
FN:296,(anonymous_9)
FN:335,(anonymous_10)
FN:350,(anonymous_11)
FN:362,(anonymous_12)
FN:405,(anonymous_13)
FN:415,(anonymous_14)
FN:453,(anonymous_15)
FN:472,(anonymous_16)
FN:490,(anonymous_17)
FNF:18
FNH:0
FNDA:0,(anonymous_0)
FNDA:0,(anonymous_1)
FNDA:0,(anonymous_2)
FNDA:0,(anonymous_3)
FNDA:0,(anonymous_4)
FNDA:0,(anonymous_5)
FNDA:0,(anonymous_6)
FNDA:0,(anonymous_7)
FNDA:0,(anonymous_8)
FNDA:0,(anonymous_9)
FNDA:0,(anonymous_10)
FNDA:0,(anonymous_11)
FNDA:0,(anonymous_12)
FNDA:0,(anonymous_13)
FNDA:0,(anonymous_14)
FNDA:0,(anonymous_15)
FNDA:0,(anonymous_16)
FNDA:0,(anonymous_17)
DA:2,0
DA:3,0
DA:4,0
DA:5,0
DA:9,0
DA:10,0
DA:11,0
DA:18,0
DA:24,0
DA:26,0
DA:27,0
DA:33,0
DA:34,0
DA:39,0
DA:40,0
DA:56,0
DA:59,0
DA:61,0
DA:68,0
DA:69,0
DA:79,0
DA:80,0
DA:81,0
DA:83,0
DA:84,0
DA:94,0
DA:95,0
DA:96,0
DA:98,0
DA:102,0
DA:107,0
DA:108,0
DA:118,0
DA:119,0
DA:120,0
DA:122,0
DA:123,0
DA:124,0
DA:127,0
DA:128,0
DA:129,0
DA:132,0
DA:137,0
DA:138,0
DA:148,0
DA:149,0
DA:150,0
DA:152,0
DA:153,0
DA:154,0
DA:160,0
DA:161,0
DA:164,0
DA:165,0
DA:166,0
DA:173,0
DA:178,0
DA:180,0
DA:186,0
DA:187,0
DA:197,0
DA:199,0
DA:210,0
DA:218,0
DA:221,0
DA:229,0
DA:238,0
DA:239,0
DA:249,0
DA:250,0
DA:252,0
DA:253,0
DA:258,0
DA:259,0
DA:274,0
DA:277,0
DA:279,0
DA:286,0
DA:287,0
DA:297,0
DA:298,0
DA:301,0
DA:302,0
DA:307,0
DA:308,0
DA:311,0
DA:312,0
DA:315,0
DA:316,0
DA:319,0
DA:326,0
DA:331,0
DA:332,0
DA:335,0
DA:336,0
DA:337,0
DA:338,0
DA:345,0
DA:350,0
DA:351,0
DA:352,0
DA:353,0
DA:362,0
DA:363,0
DA:364,0
DA:366,0
DA:367,0
DA:368,0
DA:374,0
DA:375,0
DA:383,0
DA:388,0
DA:392,0
DA:393,0
DA:394,0
DA:395,0
DA:397,0
DA:398,0
DA:406,0
DA:407,0
DA:409,0
DA:410,0
DA:412,0
DA:415,0
DA:417,0
DA:418,0
DA:419,0
DA:421,0
DA:428,0
DA:429,0
DA:430,0
DA:432,0
DA:437,0
DA:440,0
DA:441,0
DA:442,0
DA:443,0
DA:445,0
DA:446,0
DA:455,0
DA:456,0
DA:457,0
DA:458,0
DA:459,0
DA:463,0
DA:464,0
DA:465,0
DA:473,0
DA:475,0
DA:482,0
DA:483,0
DA:491,0
DA:492,0
DA:493,0
DA:495,0
DA:496,0
DA:497,0
DA:499,0
DA:504,0
LF:159
LH:0
BRDA:21,0,0,0
BRDA:22,1,0,0
BRDA:23,2,0,0
BRDA:26,3,0,0
BRDA:26,3,1,0
BRDA:33,4,0,0
BRDA:33,4,1,0
BRDA:95,5,0,0
BRDA:123,6,0,0
BRDA:123,6,1,0
BRDA:128,7,0,0
BRDA:128,7,1,0
BRDA:153,8,0,0
BRDA:153,8,1,0
BRDA:160,9,0,0
BRDA:160,9,1,0
BRDA:231,10,0,0
BRDA:231,10,1,0
BRDA:250,11,0,0
BRDA:252,12,0,0
BRDA:252,12,1,0
BRDA:252,13,0,0
BRDA:252,13,1,0
BRDA:252,13,2,0
BRDA:307,14,0,0
BRDA:307,14,1,0
BRDA:311,15,0,0
BRDA:311,15,1,0
BRDA:315,16,0,0
BRDA:315,16,1,0
BRDA:337,17,0,0
BRDA:337,17,1,0
BRDA:352,18,0,0
BRDA:352,18,1,0
BRDA:366,19,0,0
BRDA:366,19,1,0
BRDA:410,20,0,0
BRDA:410,20,1,0
BRDA:456,21,0,0
BRDA:456,21,1,0
BRDA:464,22,0,0
BRDA:464,22,1,0
BRF:42
BRH:0
end_of_record
TN:
SF:src/controllers/search.js
FN:88,(anonymous_0)
FN:147,(anonymous_1)
FN:162,(anonymous_2)
FN:179,(anonymous_3)
FN:210,(anonymous_4)
FN:241,(anonymous_5)
FN:361,(anonymous_6)
FN:398,(anonymous_7)
FN:422,(anonymous_8)
FN:474,(anonymous_9)
FNF:10
FNH:0
FNDA:0,(anonymous_0)
FNDA:0,(anonymous_1)
FNDA:0,(anonymous_2)
FNDA:0,(anonymous_3)
FNDA:0,(anonymous_4)
FNDA:0,(anonymous_5)
FNDA:0,(anonymous_6)
FNDA:0,(anonymous_7)
FNDA:0,(anonymous_8)
FNDA:0,(anonymous_9)
DA:2,0
DA:3,0
DA:89,0
DA:90,0
DA:92,0
DA:93,0
DA:98,0
DA:99,0
DA:102,0
DA:130,0
DA:137,0
DA:138,0
DA:148,0
DA:149,0
DA:151,0
DA:152,0
DA:156,0
DA:162,0
DA:164,0
DA:169,0
DA:170,0
DA:180,0
DA:182,0
DA:195,0
DA:200,0
DA:201,0
DA:211,0
DA:213,0
DA:228,0
DA:231,0
DA:232,0
DA:242,0
DA:256,0
DA:258,0
DA:259,0
DA:262,0
DA:263,0
DA:268,0
DA:269,0
DA:272,0
DA:273,0
DA:274,0
DA:277,0
DA:278,0
DA:279,0
DA:282,0
DA:283,0
DA:284,0
DA:287,0
DA:288,0
DA:289,0
DA:292,0
DA:293,0
DA:294,0
DA:297,0
DA:298,0
DA:299,0
DA:302,0
DA:303,0
DA:304,0
DA:307,0
DA:308,0
DA:309,0
DA:312,0
DA:313,0
DA:314,0
DA:317,0
DA:320,0
DA:321,0
DA:323,0
DA:335,0
DA:339,0
DA:351,0
DA:352,0
DA:362,0
DA:363,0
DA:398,0
DA:399,0
DA:400,0
DA:402,0
DA:406,0
DA:409,0
DA:412,0
DA:413,0
DA:423,0
DA:424,0
DA:426,0
DA:427,0
DA:432,0
DA:433,0
DA:435,0
DA:457,0
DA:464,0
DA:465,0
DA:475,0
DA:476,0
DA:478,0
DA:479,0
DA:484,0
DA:485,0
DA:489,0
DA:491,0
DA:498,0
DA:499,0
DA:506,0
LF:105
LH:0
BRDA:90,0,0,0
BRDA:92,1,0,0
BRDA:92,1,1,0
BRDA:92,2,0,0
BRDA:92,2,1,0
BRDA:151,3,0,0
BRDA:151,3,1,0
BRDA:151,4,0,0
BRDA:151,4,1,0
BRDA:254,5,0,0
BRDA:255,6,0,0
BRDA:262,7,0,0
BRDA:262,7,1,0
BRDA:272,8,0,0
BRDA:272,8,1,0
BRDA:277,9,0,0
BRDA:277,9,1,0
BRDA:282,10,0,0
BRDA:282,10,1,0
BRDA:287,11,0,0
BRDA:287,11,1,0
BRDA:292,12,0,0
BRDA:292,12,1,0
BRDA:297,13,0,0
BRDA:297,13,1,0
BRDA:302,14,0,0
BRDA:302,14,1,0
BRDA:307,15,0,0
BRDA:307,15,1,0
BRDA:312,16,0,0
BRDA:312,16,1,0
BRDA:317,17,0,0
BRDA:317,17,1,0
BRDA:341,18,0,0
BRDA:341,18,1,0
BRDA:399,19,0,0
BRDA:399,19,1,0
BRDA:424,20,0,0
BRDA:426,21,0,0
BRDA:426,21,1,0
BRDA:426,22,0,0
BRDA:426,22,1,0
BRDA:476,23,0,0
BRDA:478,24,0,0
BRDA:478,24,1,0
BRDA:478,25,0,0
BRDA:478,25,1,0
BRF:47
BRH:0
end_of_record
TN:
SF:src/controllers/system.js
FN:11,(anonymous_0)
FN:23,(anonymous_1)
FN:62,(anonymous_2)
FN:101,(anonymous_3)
FN:146,(anonymous_4)
FN:184,(anonymous_5)
FN:187,(anonymous_6)
FN:190,(anonymous_7)
FN:208,(anonymous_8)
FN:238,(anonymous_9)
FN:319,(anonymous_10)
FN:355,(anonymous_11)
FN:376,(anonymous_12)
FN:396,(anonymous_13)
FN:408,(anonymous_14)
FN:409,(anonymous_15)
FN:415,(anonymous_16)
FN:418,(anonymous_17)
FNF:18
FNH:0
FNDA:0,(anonymous_0)
FNDA:0,(anonymous_1)
FNDA:0,(anonymous_2)
FNDA:0,(anonymous_3)
FNDA:0,(anonymous_4)
FNDA:0,(anonymous_5)
FNDA:0,(anonymous_6)
FNDA:0,(anonymous_7)
FNDA:0,(anonymous_8)
FNDA:0,(anonymous_9)
FNDA:0,(anonymous_10)
FNDA:0,(anonymous_11)
FNDA:0,(anonymous_12)
FNDA:0,(anonymous_13)
FNDA:0,(anonymous_14)
FNDA:0,(anonymous_15)
FNDA:0,(anonymous_16)
FNDA:0,(anonymous_17)
DA:2,0
DA:3,0
DA:4,0
DA:5,0
DA:12,0
DA:14,0
DA:23,0
DA:26,0
DA:42,0
DA:44,0
DA:52,0
DA:53,0
DA:63,0
DA:64,0
DA:88,0
DA:91,0
DA:92,0
DA:102,0
DA:103,0
DA:106,0
DA:113,0
DA:114,0
DA:115,0
DA:116,0
DA:117,0
DA:121,0
DA:122,0
DA:128,0
DA:130,0
DA:136,0
DA:137,0
DA:147,0
DA:148,0
DA:150,0
DA:151,0
DA:157,0
DA:177,0
DA:178,0
DA:184,0
DA:188,0
DA:189,0
DA:190,0
DA:194,0
DA:195,0
DA:198,0
DA:199,0
DA:200,0
DA:202,0
DA:203,0
DA:208,0
DA:220,0
DA:222,0
DA:223,0
DA:224,0
DA:228,0
DA:229,0
DA:239,0
DA:241,0
DA:251,0
DA:270,0
DA:277,0
DA:287,0
DA:297,0
DA:309,0
DA:310,0
DA:320,0
DA:321,0
DA:339,0
DA:345,0
DA:346,0
DA:356,0
DA:357,0
DA:366,0
DA:368,0
DA:369,0
DA:377,0
DA:378,0
DA:389,0
DA:397,0
DA:398,0
DA:399,0
DA:400,0
DA:402,0
DA:409,0
DA:416,0
DA:417,0
DA:418,0
DA:419,0
DA:420,0
DA:422,0
DA:426,0
LF:91
LH:0
BRDA:66,0,0,0
BRDA:66,0,1,0
BRDA:116,1,0,0
BRDA:116,1,1,0
BRDA:121,2,0,0
BRDA:121,2,1,0
BRDA:148,3,0,0
BRDA:148,4,0,0
BRDA:150,5,0,0
BRDA:150,5,1,0
BRDA:177,6,0,0
BRDA:177,6,1,0
BRDA:186,7,0,0
BRDA:186,7,1,0
BRDA:194,8,0,0
BRDA:194,8,1,0
BRDA:202,9,0,0
BRDA:202,9,1,0
BRDA:211,10,0,0
BRDA:211,10,1,0
BRDA:213,11,0,0
BRDA:213,11,1,0
BRDA:214,12,0,0
BRDA:214,12,1,0
BRDA:215,13,0,0
BRDA:215,13,1,0
BRDA:366,14,0,0
BRDA:366,14,1,0
BRDA:397,15,0,0
BRDA:397,15,1,0
BRDA:399,16,0,0
BRDA:399,16,1,0
BRDA:399,17,0,0
BRDA:399,17,1,0
BRDA:399,17,2,0
BRDA:419,18,0,0
BRDA:419,18,1,0
BRF:37
BRH:0
end_of_record
TN:
SF:src/controllers/tracks.js
FN:47,(anonymous_0)
FN:110,(anonymous_1)
FN:183,(anonymous_2)
FN:247,(anonymous_3)
FN:291,(anonymous_4)
FN:323,(anonymous_5)
FN:347,(anonymous_6)
FN:396,(anonymous_7)
FNF:8
FNH:0
FNDA:0,(anonymous_0)
FNDA:0,(anonymous_1)
FNDA:0,(anonymous_2)
FNDA:0,(anonymous_3)
FNDA:0,(anonymous_4)
FNDA:0,(anonymous_5)
FNDA:0,(anonymous_6)
FNDA:0,(anonymous_7)
DA:2,0
DA:3,0
DA:4,0
DA:5,0
DA:48,0
DA:49,0
DA:50,0
DA:53,0
DA:58,0
DA:59,0
DA:65,0
DA:69,0
DA:70,0
DA:72,0
DA:73,0
DA:74,0
DA:75,0
DA:79,0
DA:80,0
DA:86,0
DA:87,0
DA:89,0
DA:95,0
DA:100,0
DA:101,0
DA:111,0
DA:112,0
DA:115,0
DA:123,0
DA:124,0
DA:130,0
DA:133,0
DA:134,0
DA:139,0
DA:140,0
DA:143,0
DA:144,0
DA:145,0
DA:146,0
DA:147,0
DA:148,0
DA:150,0
DA:152,0
DA:159,0
DA:162,0
DA:168,0
DA:169,0
DA:173,0
DA:174,0
DA:184,0
DA:185,0
DA:187,0
DA:193,0
DA:194,0
DA:199,0
DA:201,0
DA:202,0
DA:207,0
DA:208,0
DA:210,0
DA:211,0
DA:212,0
DA:213,0
DA:214,0
DA:216,0
DA:218,0
DA:225,0
DA:227,0
DA:232,0
DA:233,0
DA:237,0
DA:238,0
DA:248,0
DA:249,0
DA:251,0
DA:258,0
DA:259,0
DA:264,0
DA:281,0
DA:282,0
DA:292,0
DA:293,0
DA:294,0
DA:297,0
DA:302,0
DA:303,0
DA:309,0
DA:310,0
DA:312,0
DA:321,0
DA:323,0
DA:337,0
DA:338,0
DA:348,0
DA:349,0
DA:352,0
DA:359,0
DA:360,0
DA:366,0
DA:367,0
DA:369,0
DA:370,0
DA:372,0
DA:373,0
DA:374,0
DA:377,0
DA:386,0
DA:387,0
DA:397,0
DA:407,0
DA:411,0
LF:111
LH:0
BRDA:58,0,0,0
BRDA:58,0,1,0
BRDA:73,1,0,0
BRDA:73,1,1,0
BRDA:79,2,0,0
BRDA:79,2,1,0
BRDA:123,3,0,0
BRDA:123,3,1,0
BRDA:133,4,0,0
BRDA:133,4,1,0
BRDA:144,5,0,0
BRDA:144,5,1,0
BRDA:147,6,0,0
BRDA:147,6,1,0
BRDA:193,7,0,0
BRDA:193,7,1,0
BRDA:201,8,0,0
BRDA:201,8,1,0
BRDA:210,9,0,0
BRDA:210,9,1,0
BRDA:213,10,0,0
BRDA:213,10,1,0
BRDA:258,11,0,0
BRDA:258,11,1,0
BRDA:294,12,0,0
BRDA:302,13,0,0
BRDA:302,13,1,0
BRDA:310,14,0,0
BRDA:310,14,1,0
BRDA:359,15,0,0
BRDA:359,15,1,0
BRDA:366,16,0,0
BRDA:366,16,1,0
BRDA:407,17,0,0
BRDA:407,17,1,0
BRF:35
BRH:0
end_of_record
TN:
SF:src/middleware/auth.js
FN:11,authenticateToken
FN:53,logFailedAuthentication
FN:71,(anonymous_2)
FN:82,requireRole
FN:83,(anonymous_4)
FN:104,requireAnyRole
FN:105,(anonymous_6)
FN:126,optionalAuth
FNF:8
FNH:0
FNDA:0,authenticateToken
FNDA:0,logFailedAuthentication
FNDA:0,(anonymous_2)
FNDA:0,requireRole
FNDA:0,(anonymous_4)
FNDA:0,requireAnyRole
FNDA:0,(anonymous_6)
FNDA:0,optionalAuth
DA:2,0
DA:3,0
DA:6,0
DA:12,0
DA:13,0
DA:15,0
DA:17,0
DA:18,0
DA:19,0
DA:24,0
DA:25,0
DA:26,0
DA:29,0
DA:30,0
DA:31,0
DA:36,0
DA:42,0
DA:43,0
DA:46,0
DA:47,0
DA:54,0
DA:56,0
DA:57,0
DA:67,0
DA:68,0
DA:71,0
DA:72,0
DA:73,0
DA:83,0
DA:84,0
DA:85,0
DA:90,0
DA:91,0
DA:96,0
DA:105,0
DA:106,0
DA:107,0
DA:112,0
DA:113,0
DA:118,0
DA:127,0
DA:129,0
DA:130,0
DA:131,0
DA:132,0
DA:136,0
DA:139,0
LF:47
LH:0
BRDA:17,0,0,0
BRDA:17,0,1,0
BRDA:25,1,0,0
BRDA:25,1,1,0
BRDA:29,2,0,0
BRDA:29,2,1,0
BRDA:30,3,0,0
BRDA:30,3,1,0
BRDA:42,4,0,0
BRDA:42,4,1,0
BRDA:56,5,0,0
BRDA:56,5,1,0
BRDA:67,6,0,0
BRDA:67,6,1,0
BRDA:72,7,0,0
BRDA:72,7,1,0
BRDA:84,8,0,0
BRDA:84,8,1,0
BRDA:90,9,0,0
BRDA:90,9,1,0
BRDA:106,10,0,0
BRDA:106,10,1,0
BRDA:112,11,0,0
BRDA:112,11,1,0
BRDA:129,12,0,0
BRDA:129,12,1,0
BRDA:131,13,0,0
BRDA:131,13,1,0
BRF:28
BRH:0
end_of_record
TN:
SF:src/middleware/performance.js
FN:8,performanceTracking
FN:27,(anonymous_1)
FN:45,performanceHeaders
FN:48,(anonymous_3)
FN:69,createDatabaseMonitor
FN:73,(anonymous_5)
FN:116,createCacheMonitor
FN:124,(anonymous_7)
FN:133,(anonymous_8)
FN:141,(anonymous_9)
FN:154,createWebSocketMonitor
FN:157,(anonymous_11)
FN:160,(anonymous_12)
FN:164,(anonymous_13)
FN:168,(anonymous_14)
FN:179,setupPerformanceAlerts
FN:180,(anonymous_16)
FN:189,(anonymous_17)
FN:196,(anonymous_18)
FN:207,performanceReporting
FN:226,getPerformanceMetrics
FN:250,getPerformanceTrends
FN:271,resetPerformanceMetrics
FNF:23
FNH:0
FNDA:0,performanceTracking
FNDA:0,(anonymous_1)
FNDA:0,performanceHeaders
FNDA:0,(anonymous_3)
FNDA:0,createDatabaseMonitor
FNDA:0,(anonymous_5)
FNDA:0,createCacheMonitor
FNDA:0,(anonymous_7)
FNDA:0,(anonymous_8)
FNDA:0,(anonymous_9)
FNDA:0,createWebSocketMonitor
FNDA:0,(anonymous_11)
FNDA:0,(anonymous_12)
FNDA:0,(anonymous_13)
FNDA:0,(anonymous_14)
FNDA:0,setupPerformanceAlerts
FNDA:0,(anonymous_16)
FNDA:0,(anonymous_17)
FNDA:0,(anonymous_18)
FNDA:0,performanceReporting
FNDA:0,getPerformanceMetrics
FNDA:0,getPerformanceTrends
FNDA:0,resetPerformanceMetrics
DA:2,0
DA:3,0
DA:9,0
DA:10,0
DA:13,0
DA:14,0
DA:17,0
DA:26,0
DA:27,0
DA:29,0
DA:33,0
DA:36,0
DA:39,0
DA:47,0
DA:48,0
DA:49,0
DA:50,0
DA:51,0
DA:55,0
DA:56,0
DA:59,0
DA:62,0
DA:70,0
DA:72,0
DA:73,0
DA:74,0
DA:76,0
DA:78,0
DA:79,0
DA:80,0
DA:81,0
DA:83,0
DA:86,0
DA:87,0
DA:90,0
DA:91,0
DA:93,0
DA:95,0
DA:96,0
DA:99,0
DA:100,0
DA:105,0
DA:106,0
DA:107,0
DA:110,0
DA:117,0
DA:119,0
DA:120,0
DA:121,0
DA:123,0
DA:124,0
DA:125,0
DA:126,0
DA:127,0
DA:128,0
DA:132,0
DA:133,0
DA:134,0
DA:135,0
DA:136,0
DA:140,0
DA:141,0
DA:142,0
DA:143,0
DA:144,0
DA:148,0
DA:155,0
DA:157,0
DA:158,0
DA:160,0
DA:161,0
DA:164,0
DA:165,0
DA:168,0
DA:169,0
DA:173,0
DA:180,0
DA:181,0
DA:189,0
DA:190,0
DA:196,0
DA:197,0
DA:209,0
DA:211,0
DA:212,0
DA:213,0
DA:215,0
DA:216,0
DA:220,0
DA:227,0
DA:228,0
DA:229,0
DA:233,0
DA:239,0
DA:240,0
DA:251,0
DA:252,0
DA:254,0
DA:260,0
DA:261,0
DA:272,0
DA:273,0
DA:275,0
DA:280,0
DA:281,0
DA:288,0
LF:106
LH:0
BRDA:19,0,0,0
BRDA:19,0,1,0
BRDA:22,1,0,0
BRDA:22,1,1,0
BRDA:29,2,0,0
BRDA:29,2,1,0
BRDA:30,3,0,0
BRDA:30,3,1,0
BRDA:49,4,0,0
BRDA:49,4,1,0
BRDA:55,5,0,0
BRDA:55,5,1,0
BRDA:70,6,0,0
BRDA:70,6,1,0
BRDA:70,6,2,0
BRDA:72,7,0,0
BRDA:72,7,1,0
BRDA:73,8,0,0
BRDA:78,9,0,0
BRDA:78,9,1,0
BRDA:90,10,0,0
BRDA:90,10,1,0
BRDA:90,11,0,0
BRDA:90,11,1,0
BRDA:105,12,0,0
BRDA:105,12,1,0
BRDA:106,13,0,0
BRDA:106,13,1,0
BRDA:107,14,0,0
BRDA:107,14,1,0
BRDA:117,15,0,0
BRDA:117,15,1,0
BRDA:121,16,0,0
BRDA:121,16,1,0
BRDA:123,17,0,0
BRDA:123,17,1,0
BRDA:126,18,0,0
BRDA:126,18,1,0
BRDA:132,19,0,0
BRDA:132,19,1,0
BRDA:140,20,0,0
BRDA:140,20,1,0
BRDA:155,21,0,0
BRDA:155,21,1,0
BRDA:209,22,0,0
BRDA:209,22,1,0
BRDA:209,23,0,0
BRDA:209,23,1,0
BRDA:215,24,0,0
BRDA:215,24,1,0
BRDA:229,25,0,0
BRDA:229,25,1,0
BRF:52
BRH:0
end_of_record
TN:
SF:src/middleware/security.js
FN:10,configureSecurityHeaders
FN:58,(anonymous_1)
FN:110,requestLogger
FN:119,(anonymous_3)
FN:131,errorHandler
FN:165,suspiciousActivityDetector
FN:193,configureCors
FNF:7
FNH:0
FNDA:0,configureSecurityHeaders
FNDA:0,(anonymous_1)
FNDA:0,requestLogger
FNDA:0,(anonymous_3)
FNDA:0,errorHandler
FNDA:0,suspiciousActivityDetector
FNDA:0,configureCors
DA:2,0
DA:3,0
DA:4,0
DA:5,0
DA:12,0
DA:13,0
DA:14,0
DA:18,0
DA:21,0
DA:22,0
DA:23,0
DA:27,0
DA:42,0
DA:48,0
DA:49,0
DA:60,0
DA:67,0
DA:82,0
DA:96,0
DA:111,0
DA:112,0
DA:113,0
DA:116,0
DA:119,0
DA:120,0
DA:121,0
DA:122,0
DA:125,0
DA:132,0
DA:135,0
DA:136,0
DA:146,0
DA:150,0
DA:151,0
DA:155,0
DA:166,0
DA:167,0
DA:168,0
DA:171,0
DA:172,0
DA:173,0
DA:174,0
DA:183,0
DA:187,0
DA:194,0
DA:195,0
DA:198,0
LF:47
LH:0
BRDA:13,0,0,0
BRDA:13,0,1,0
BRDA:21,1,0,0
BRDA:21,1,1,0
BRDA:60,2,0,0
BRDA:60,2,1,0
BRDA:113,3,0,0
BRDA:113,3,1,0
BRDA:135,4,0,0
BRDA:135,4,1,0
BRDA:143,5,0,0
BRDA:143,5,1,0
BRDA:150,6,0,0
BRDA:150,6,1,0
BRDA:171,7,0,0
BRDA:171,7,1,0
BRDA:173,8,0,0
BRDA:173,8,1,0
BRF:18
BRH:0
end_of_record
TN:
SF:src/services/database.js
FN:8,(anonymous_0)
FN:17,(anonymous_1)
FN:18,(anonymous_2)
FN:21,(anonymous_3)
FN:38,(anonymous_4)
FN:41,(anonymous_5)
FN:42,(anonymous_6)
FN:61,(anonymous_7)
FN:76,(anonymous_8)
FN:77,(anonymous_9)
FN:99,(anonymous_10)
FN:110,(anonymous_11)
FN:115,(anonymous_12)
FN:116,(anonymous_13)
FN:134,(anonymous_14)
FN:171,(anonymous_15)
FN:178,(anonymous_16)
FN:185,(anonymous_17)
FN:194,(anonymous_18)
FNF:19
FNH:0
FNDA:0,(anonymous_0)
FNDA:0,(anonymous_1)
FNDA:0,(anonymous_2)
FNDA:0,(anonymous_3)
FNDA:0,(anonymous_4)
FNDA:0,(anonymous_5)
FNDA:0,(anonymous_6)
FNDA:0,(anonymous_7)
FNDA:0,(anonymous_8)
FNDA:0,(anonymous_9)
FNDA:0,(anonymous_10)
FNDA:0,(anonymous_11)
FNDA:0,(anonymous_12)
FNDA:0,(anonymous_13)
FNDA:0,(anonymous_14)
FNDA:0,(anonymous_15)
FNDA:0,(anonymous_16)
FNDA:0,(anonymous_17)
FNDA:0,(anonymous_18)
DA:2,0
DA:3,0
DA:4,0
DA:5,0
DA:9,0
DA:10,0
DA:18,0
DA:19,0
DA:21,0
DA:22,0
DA:23,0
DA:24,0
DA:26,0
DA:27,0
DA:28,0
DA:39,0
DA:41,0
DA:42,0
DA:43,0
DA:44,0
DA:46,0
DA:48,0
DA:49,0
DA:62,0
DA:63,0
DA:66,0
DA:69,0
DA:70,0
DA:71,0
DA:72,0
DA:76,0
DA:77,0
DA:78,0
DA:79,0
DA:80,0
DA:83,0
DA:84,0
DA:86,0
DA:100,0
DA:101,0
DA:111,0
DA:112,0
DA:115,0
DA:116,0
DA:117,0
DA:118,0
DA:119,0
DA:121,0
DA:135,0
DA:136,0
DA:141,0
DA:146,0
DA:147,0
DA:152,0
DA:154,0
DA:158,0
DA:161,0
DA:163,0
DA:164,0
DA:172,0
DA:179,0
DA:186,0
DA:195,0
DA:197,0
DA:198,0
DA:200,0
DA:201,0
DA:202,0
DA:205,0
DA:206,0
DA:208,0
DA:209,0
DA:215,0
DA:216,0
LF:74
LH:0
BRDA:19,0,0,0
BRDA:19,0,1,0
BRDA:22,1,0,0
BRDA:22,1,1,0
BRDA:39,2,0,0
BRDA:39,2,1,0
BRDA:43,3,0,0
BRDA:43,3,1,0
BRDA:61,4,0,0
BRDA:61,5,0,0
BRDA:62,6,0,0
BRDA:62,6,1,0
BRDA:66,7,0,0
BRDA:66,7,1,0
BRDA:69,8,0,0
BRDA:69,8,1,0
BRDA:71,9,0,0
BRDA:71,9,1,0
BRDA:78,10,0,0
BRDA:78,10,1,0
BRDA:83,11,0,0
BRDA:83,11,1,0
BRDA:99,12,0,0
BRDA:99,13,0,0
BRDA:101,14,0,0
BRDA:101,14,1,0
BRDA:110,15,0,0
BRDA:111,16,0,0
BRDA:111,16,1,0
BRDA:117,17,0,0
BRDA:117,17,1,0
BRF:31
BRH:0
end_of_record
TN:
SF:src/services/performance.js
FN:9,(anonymous_0)
FN:53,(anonymous_1)
FN:66,(anonymous_2)
FN:109,(anonymous_3)
FN:136,(anonymous_4)
FN:153,(anonymous_5)
FN:175,(anonymous_6)
FN:178,(anonymous_7)
FN:187,(anonymous_8)
FN:188,(anonymous_9)
FN:193,(anonymous_10)
FN:217,(anonymous_11)
FN:229,(anonymous_12)
FN:230,(anonymous_13)
FN:231,(anonymous_14)
FN:239,(anonymous_15)
FN:257,(anonymous_16)
FN:299,(anonymous_17)
FN:302,(anonymous_18)
FN:335,(anonymous_19)
FN:337,(anonymous_20)
FN:343,(anonymous_21)
FN:351,(anonymous_22)
FN:354,(anonymous_23)
FN:374,(anonymous_24)
FN:384,(anonymous_25)
FN:389,(anonymous_26)
FN:390,(anonymous_27)
FN:400,(anonymous_28)
FN:403,(anonymous_29)
FN:423,(anonymous_30)
FN:428,(anonymous_31)
FN:435,(anonymous_32)
FN:459,(anonymous_33)
FN:460,(anonymous_34)
FN:495,(anonymous_35)
FN:509,(anonymous_36)
FNF:37
FNH:0
FNDA:0,(anonymous_0)
FNDA:0,(anonymous_1)
FNDA:0,(anonymous_2)
FNDA:0,(anonymous_3)
FNDA:0,(anonymous_4)
FNDA:0,(anonymous_5)
FNDA:0,(anonymous_6)
FNDA:0,(anonymous_7)
FNDA:0,(anonymous_8)
FNDA:0,(anonymous_9)
FNDA:0,(anonymous_10)
FNDA:0,(anonymous_11)
FNDA:0,(anonymous_12)
FNDA:0,(anonymous_13)
FNDA:0,(anonymous_14)
FNDA:0,(anonymous_15)
FNDA:0,(anonymous_16)
FNDA:0,(anonymous_17)
FNDA:0,(anonymous_18)
FNDA:0,(anonymous_19)
FNDA:0,(anonymous_20)
FNDA:0,(anonymous_21)
FNDA:0,(anonymous_22)
FNDA:0,(anonymous_23)
FNDA:0,(anonymous_24)
FNDA:0,(anonymous_25)
FNDA:0,(anonymous_26)
FNDA:0,(anonymous_27)
FNDA:0,(anonymous_28)
FNDA:0,(anonymous_29)
FNDA:0,(anonymous_30)
FNDA:0,(anonymous_31)
FNDA:0,(anonymous_32)
FNDA:0,(anonymous_33)
FNDA:0,(anonymous_34)
FNDA:0,(anonymous_35)
FNDA:0,(anonymous_36)
DA:2,0
DA:10,0
DA:11,0
DA:36,0
DA:43,0
DA:44,0
DA:47,0
DA:54,0
DA:56,0
DA:67,0
DA:69,0
DA:70,0
DA:72,0
DA:73,0
DA:75,0
DA:88,0
DA:91,0
DA:92,0
DA:96,0
DA:97,0
DA:101,0
DA:103,0
DA:110,0
DA:112,0
DA:119,0
DA:122,0
DA:123,0
DA:127,0
DA:128,0
DA:129,0
DA:137,0
DA:139,0
DA:140,0
DA:142,0
DA:145,0
DA:146,0
DA:154,0
DA:156,0
DA:158,0
DA:159,0
DA:161,0
DA:162,0
DA:164,0
DA:165,0
DA:167,0
DA:168,0
DA:176,0
DA:177,0
DA:178,0
DA:180,0
DA:187,0
DA:188,0
DA:193,0
DA:218,0
DA:219,0
DA:222,0
DA:223,0
DA:225,0
DA:229,0
DA:230,0
DA:231,0
DA:240,0
DA:241,0
DA:242,0
DA:244,0
DA:258,0
DA:259,0
DA:262,0
DA:263,0
DA:272,0
DA:273,0
DA:274,0
DA:283,0
DA:284,0
DA:285,0
DA:293,0
DA:300,0
DA:302,0
DA:303,0
DA:305,0
DA:306,0
DA:308,0
DA:313,0
DA:319,0
DA:320,0
DA:321,0
DA:325,0
DA:326,0
DA:327,0
DA:336,0
DA:337,0
DA:344,0
DA:345,0
DA:352,0
DA:354,0
DA:355,0
DA:356,0
DA:357,0
DA:365,0
DA:366,0
DA:367,0
DA:368,0
DA:369,0
DA:374,0
DA:385,0
DA:387,0
DA:388,0
DA:389,0
DA:390,0
DA:391,0
DA:393,0
DA:394,0
DA:401,0
DA:403,0
DA:404,0
DA:405,0
DA:406,0
DA:414,0
DA:415,0
DA:416,0
DA:417,0
DA:418,0
DA:422,0
DA:423,0
DA:428,0
DA:436,0
DA:437,0
DA:440,0
DA:441,0
DA:442,0
DA:443,0
DA:444,0
DA:445,0
DA:449,0
DA:450,0
DA:451,0
DA:452,0
DA:453,0
DA:454,0
DA:455,0
DA:459,0
DA:460,0
DA:461,0
DA:462,0
DA:463,0
DA:464,0
DA:465,0
DA:466,0
DA:470,0
DA:471,0
DA:472,0
DA:473,0
DA:474,0
DA:475,0
DA:476,0
DA:480,0
DA:481,0
DA:482,0
DA:485,0
DA:496,0
DA:497,0
DA:498,0
DA:499,0
DA:500,0
DA:501,0
DA:502,0
DA:503,0
DA:510,0
DA:515,0
DA:517,0
LF:170
LH:0
BRDA:53,0,0,0
BRDA:54,1,0,0
BRDA:54,1,1,0
BRDA:66,2,0,0
BRDA:66,3,0,0
BRDA:67,4,0,0
BRDA:67,4,1,0
BRDA:70,5,0,0
BRDA:70,5,1,0
BRDA:91,6,0,0
BRDA:91,6,1,0
BRDA:96,7,0,0
BRDA:96,7,1,0
BRDA:109,8,0,0
BRDA:110,9,0,0
BRDA:110,9,1,0
BRDA:122,10,0,0
BRDA:122,10,1,0
BRDA:127,11,0,0
BRDA:127,11,1,0
BRDA:136,12,0,0
BRDA:137,13,0,0
BRDA:137,13,1,0
BRDA:139,14,0,0
BRDA:139,14,1,0
BRDA:145,15,0,0
BRDA:145,15,1,0
BRDA:153,16,0,0
BRDA:154,17,0,0
BRDA:154,17,1,0
BRDA:156,18,0,0
BRDA:156,18,1,0
BRDA:156,18,2,0
BRDA:156,18,3,0
BRDA:262,19,0,0
BRDA:262,19,1,0
BRDA:273,20,0,0
BRDA:273,20,1,0
BRDA:284,21,0,0
BRDA:284,21,1,0
BRDA:284,22,0,0
BRDA:284,22,1,0
BRDA:303,23,0,0
BRDA:303,23,1,0
BRDA:319,24,0,0
BRDA:319,24,1,0
BRDA:326,25,0,0
BRDA:326,25,1,0
BRDA:336,26,0,0
BRDA:336,26,1,0
BRDA:345,27,0,0
BRDA:345,27,1,0
BRDA:356,28,0,0
BRDA:356,28,1,0
BRDA:368,29,0,0
BRDA:368,29,1,0
BRDA:376,30,0,0
BRDA:376,30,1,0
BRDA:377,31,0,0
BRDA:377,31,1,0
BRDA:385,32,0,0
BRDA:385,32,1,0
BRDA:405,33,0,0
BRDA:405,33,1,0
BRDA:417,34,0,0
BRDA:417,34,1,0
BRDA:440,35,0,0
BRDA:440,35,1,0
BRDA:443,36,0,0
BRDA:443,36,1,0
BRDA:450,37,0,0
BRDA:450,37,1,0
BRDA:453,38,0,0
BRDA:453,38,1,0
BRDA:461,39,0,0
BRDA:461,39,1,0
BRDA:464,40,0,0
BRDA:464,40,1,0
BRDA:471,41,0,0
BRDA:471,41,1,0
BRDA:471,42,0,0
BRDA:471,42,1,0
BRDA:474,43,0,0
BRDA:474,43,1,0
BRDA:480,44,0,0
BRDA:480,44,1,0
BRDA:487,45,0,0
BRDA:487,45,1,0
BRDA:487,46,0,0
BRDA:487,46,1,0
BRF:90
BRH:0
end_of_record
TN:
SF:src/utils/auth.js
FN:12,generateToken
FN:27,verifyToken
FN:48,hashPassword
FN:59,verifyPassword
FN:68,extractToken
FN:80,validatePasswordStrength
FN:120,generateRandomPassword
FN:148,(anonymous_7)
FNF:8
FNH:0
FNDA:0,generateToken
FNDA:0,verifyToken
FNDA:0,hashPassword
FNDA:0,verifyPassword
FNDA:0,extractToken
FNDA:0,validatePasswordStrength
FNDA:0,generateRandomPassword
FNDA:0,(anonymous_7)
DA:2,0
DA:3,0
DA:4,0
DA:5,0
DA:13,0
DA:14,0
DA:28,0
DA:29,0
DA:30,0
DA:39,0
DA:49,0
DA:50,0
DA:60,0
DA:69,0
DA:70,0
DA:72,0
DA:81,0
DA:82,0
DA:84,0
DA:85,0
DA:88,0
DA:89,0
DA:92,0
DA:93,0
DA:96,0
DA:97,0
DA:100,0
DA:101,0
DA:105,0
DA:106,0
DA:109,0
DA:121,0
DA:122,0
DA:124,0
DA:125,0
DA:126,0
DA:127,0
DA:128,0
DA:130,0
DA:131,0
DA:134,0
DA:137,0
DA:138,0
DA:139,0
DA:140,0
DA:143,0
DA:144,0
DA:148,0
DA:151,0
LF:49
LH:0
BRDA:69,0,0,0
BRDA:69,0,1,0
BRDA:69,1,0,0
BRDA:69,1,1,0
BRDA:84,2,0,0
BRDA:84,2,1,0
BRDA:88,3,0,0
BRDA:88,3,1,0
BRDA:88,4,0,0
BRDA:88,4,1,0
BRDA:92,5,0,0
BRDA:92,5,1,0
BRDA:92,6,0,0
BRDA:92,6,1,0
BRDA:96,7,0,0
BRDA:96,7,1,0
BRDA:96,8,0,0
BRDA:96,8,1,0
BRDA:100,9,0,0
BRDA:100,9,1,0
BRDA:100,10,0,0
BRDA:100,10,1,0
BRDA:105,11,0,0
BRDA:105,11,1,0
BRDA:105,12,0,0
BRDA:105,12,1,0
BRDA:120,13,0,0
BRDA:125,14,0,0
BRDA:125,14,1,0
BRDA:126,15,0,0
BRDA:126,15,1,0
BRDA:127,16,0,0
BRDA:127,16,1,0
BRDA:128,17,0,0
BRDA:128,17,1,0
BRDA:130,18,0,0
BRDA:130,18,1,0
BRDA:137,19,0,0
BRDA:137,19,1,0
BRDA:138,20,0,0
BRDA:138,20,1,0
BRDA:139,21,0,0
BRDA:139,21,1,0
BRDA:140,22,0,0
BRDA:140,22,1,0
BRF:45
BRH:0
end_of_record
TN:
SF:src/utils/cache.js
FN:5,(anonymous_0)
FN:17,(anonymous_1)
FN:26,(anonymous_2)
FN:44,(anonymous_3)
FN:63,(anonymous_4)
FN:80,(anonymous_5)
FN:93,(anonymous_6)
FN:103,(anonymous_7)
FN:104,(anonymous_8)
FN:114,(anonymous_9)
FNF:10
FNH:0
FNDA:0,(anonymous_0)
FNDA:0,(anonymous_1)
FNDA:0,(anonymous_2)
FNDA:0,(anonymous_3)
FNDA:0,(anonymous_4)
FNDA:0,(anonymous_5)
FNDA:0,(anonymous_6)
FNDA:0,(anonymous_7)
FNDA:0,(anonymous_8)
FNDA:0,(anonymous_9)
DA:2,0
DA:6,0
DA:7,0
DA:8,0
DA:18,0
DA:28,0
DA:29,0
DA:30,0
DA:33,0
DA:45,0
DA:46,0
DA:47,0
DA:51,0
DA:52,0
DA:53,0
DA:56,0
DA:64,0
DA:65,0
DA:66,0
DA:69,0
DA:70,0
DA:71,0
DA:81,0
DA:95,0
DA:104,0
DA:105,0
DA:106,0
DA:108,0
DA:109,0
DA:113,0
DA:114,0
DA:116,0
DA:117,0
DA:120,0
DA:126,0
DA:127,0
LF:36
LH:0
BRDA:17,0,0,0
BRDA:28,1,0,0
BRDA:28,1,1,0
BRDA:46,2,0,0
BRDA:46,2,1,0
BRDA:51,3,0,0
BRDA:51,3,1,0
BRDA:63,4,0,0
BRDA:64,5,0,0
BRDA:64,5,1,0
BRDA:70,6,0,0
BRDA:70,6,1,0
BRDA:95,7,0,0
BRDA:95,7,1,0
BRDA:103,8,0,0
BRDA:108,9,0,0
BRDA:108,9,1,0
BRF:17
BRH:0
end_of_record
TN:
SF:src/websocket/index.js
FN:6,(anonymous_0)
FN:16,(anonymous_1)
FN:19,(anonymous_2)
FN:34,(anonymous_3)
FN:50,(anonymous_4)
FN:55,(anonymous_5)
FN:69,(anonymous_6)
FN:80,(anonymous_7)
FN:118,(anonymous_8)
FN:137,(anonymous_9)
FN:158,(anonymous_10)
FN:173,(anonymous_11)
FN:202,(anonymous_12)
FN:214,(anonymous_13)
FN:224,(anonymous_14)
FN:225,(anonymous_15)
FN:244,(anonymous_16)
FN:248,(anonymous_17)
FN:258,(anonymous_18)
FNF:19
FNH:0
FNDA:0,(anonymous_0)
FNDA:0,(anonymous_1)
FNDA:0,(anonymous_2)
FNDA:0,(anonymous_3)
FNDA:0,(anonymous_4)
FNDA:0,(anonymous_5)
FNDA:0,(anonymous_6)
FNDA:0,(anonymous_7)
FNDA:0,(anonymous_8)
FNDA:0,(anonymous_9)
FNDA:0,(anonymous_10)
FNDA:0,(anonymous_11)
FNDA:0,(anonymous_12)
FNDA:0,(anonymous_13)
FNDA:0,(anonymous_14)
FNDA:0,(anonymous_15)
FNDA:0,(anonymous_16)
FNDA:0,(anonymous_17)
FNDA:0,(anonymous_18)
DA:2,0
DA:3,0
DA:7,0
DA:8,0
DA:9,0
DA:17,0
DA:19,0
DA:20,0
DA:24,0
DA:26,0
DA:35,0
DA:36,0
DA:38,0
DA:41,0
DA:50,0
DA:51,0
DA:55,0
DA:56,0
DA:57,0
DA:60,0
DA:61,0
DA:62,0
DA:63,0
DA:69,0
DA:70,0
DA:71,0
DA:81,0
DA:82,0
DA:84,0
DA:86,0
DA:87,0
DA:90,0
DA:91,0
DA:94,0
DA:95,0
DA:98,0
DA:99,0
DA:102,0
DA:105,0
DA:106,0
DA:119,0
DA:120,0
DA:123,0
DA:125,0
DA:138,0
DA:139,0
DA:141,0
DA:142,0
DA:146,0
DA:159,0
DA:161,0
DA:174,0
DA:179,0
DA:181,0
DA:182,0
DA:185,0
DA:186,0
DA:187,0
DA:188,0
DA:190,0
DA:191,0
DA:203,0
DA:215,0
DA:225,0
DA:226,0
DA:227,0
DA:235,0
DA:245,0
DA:248,0
DA:259,0
DA:260,0
DA:262,0
DA:263,0
DA:268,0
DA:269,0
LF:75
LH:0
BRDA:62,0,0,0
BRDA:62,0,1,0
BRDA:84,1,0,0
BRDA:84,1,1,0
BRDA:84,1,2,0
BRDA:84,1,3,0
BRDA:84,1,4,0
BRDA:119,2,0,0
BRDA:119,2,1,0
BRDA:138,3,0,0
BRDA:138,3,1,0
BRDA:141,4,0,0
BRDA:141,4,1,0
BRDA:173,5,0,0
BRDA:181,6,0,0
BRDA:181,6,1,0
BRDA:181,7,0,0
BRDA:181,7,1,0
BRDA:186,8,0,0
BRDA:186,8,1,0
BRDA:202,9,0,0
BRDA:226,10,0,0
BRDA:226,10,1,0
BRDA:259,11,0,0
BRDA:259,11,1,0
BRF:25
BRH:0
end_of_record
TN:
SF:src/websocket/jobManager.js
FN:5,(anonymous_0)
FN:18,(anonymous_1)
FN:46,(anonymous_2)
FN:69,(anonymous_3)
FN:84,(anonymous_4)
FN:100,(anonymous_5)
FN:135,(anonymous_6)
FN:139,(anonymous_7)
FN:146,(anonymous_8)
FN:155,(anonymous_9)
FN:163,(anonymous_10)
FN:167,(anonymous_11)
FN:168,(anonymous_12)
FN:171,(anonymous_13)
FN:189,(anonymous_14)
FN:202,(anonymous_15)
FN:204,(anonymous_16)
FN:214,(anonymous_17)
FNF:18
FNH:0
FNDA:0,(anonymous_0)
FNDA:0,(anonymous_1)
FNDA:0,(anonymous_2)
FNDA:0,(anonymous_3)
FNDA:0,(anonymous_4)
FNDA:0,(anonymous_5)
FNDA:0,(anonymous_6)
FNDA:0,(anonymous_7)
FNDA:0,(anonymous_8)
FNDA:0,(anonymous_9)
FNDA:0,(anonymous_10)
FNDA:0,(anonymous_11)
FNDA:0,(anonymous_12)
FNDA:0,(anonymous_13)
FNDA:0,(anonymous_14)
FNDA:0,(anonymous_15)
FNDA:0,(anonymous_16)
FNDA:0,(anonymous_17)
DA:2,0
DA:6,0
DA:7,0
DA:8,0
DA:19,0
DA:20,0
DA:35,0
DA:36,0
DA:47,0
DA:48,0
DA:49,0
DA:50,0
DA:53,0
DA:54,0
DA:55,0
DA:59,0
DA:61,0
DA:70,0
DA:71,0
DA:72,0
DA:85,0
DA:86,0
DA:87,0
DA:101,0
DA:102,0
DA:103,0
DA:104,0
DA:107,0
DA:108,0
DA:109,0
DA:110,0
DA:113,0
DA:114,0
DA:115,0
DA:119,0
DA:120,0
DA:121,0
DA:125,0
DA:127,0
DA:136,0
DA:137,0
DA:139,0
DA:147,0
DA:156,0
DA:164,0
DA:165,0
DA:167,0
DA:168,0
DA:170,0
DA:171,0
DA:174,0
DA:190,0
DA:191,0
DA:192,0
DA:193,0
DA:195,0
DA:203,0
DA:204,0
DA:205,0
DA:211,0
DA:214,0
DA:215,0
DA:218,0
LF:63
LH:0
BRDA:18,0,0,0
BRDA:18,1,0,0
BRDA:46,2,0,0
BRDA:46,3,0,0
BRDA:48,4,0,0
BRDA:48,4,1,0
BRDA:55,5,0,0
BRDA:55,5,1,0
BRDA:71,6,0,0
BRDA:71,6,1,0
BRDA:86,7,0,0
BRDA:86,7,1,0
BRDA:100,8,0,0
BRDA:100,9,0,0
BRDA:102,10,0,0
BRDA:102,10,1,0
BRDA:113,11,0,0
BRDA:113,11,1,0
BRDA:120,12,0,0
BRDA:120,12,1,0
BRDA:137,13,0,0
BRDA:137,13,1,0
BRDA:139,14,0,0
BRDA:139,14,1,0
BRDA:155,15,0,0
BRDA:170,16,0,0
BRDA:170,16,1,0
BRDA:171,17,0,0
BRDA:171,17,1,0
BRDA:179,18,0,0
BRDA:179,18,1,0
BRDA:189,19,0,0
BRDA:191,20,0,0
BRDA:191,20,1,0
BRDA:202,21,0,0
BRDA:205,22,0,0
BRDA:205,22,1,0
BRF:37
BRH:0
end_of_record
